This is pdfTeX, Version 3.14159265-2.6-1.40.16 (TeX Live 2015/Debian) (preloaded format=pdflatex 2017.9.8)  14 SEP 2017 11:44
entering extended mode
 restricted \write18 enabled.
 %&-line parsing enabled.
**Coverage2.tex
(./Coverage2.tex
LaTeX2e <2016/02/01>
Babel <3.9q> and hyphenation patterns for 81 language(s) loaded.
(/usr/share/texlive/texmf-dist/tex/latex/base/article.cls
Document Class: article 2014/09/29 v1.4h Standard LaTeX document class
(/usr/share/texlive/texmf-dist/tex/latex/base/size10.clo
File: size10.clo 2014/09/29 v1.4h Standard LaTeX file (size option)
)
\c@part=\count79
\c@section=\count80
\c@subsection=\count81
\c@subsubsection=\count82
\c@paragraph=\count83
\c@subparagraph=\count84
\c@figure=\count85
\c@table=\count86
\abovecaptionskip=\skip41
\belowcaptionskip=\skip42
\bibindent=\dimen102
)
(/usr/share/texlive/texmf-dist/tex/latex/graphics/graphicx.sty
Package: graphicx 2014/10/28 v1.0g Enhanced LaTeX Graphics (DPC,SPQR)

(/usr/share/texlive/texmf-dist/tex/latex/graphics/keyval.sty
Package: keyval 2014/10/28 v1.15 key=value parser (DPC)
\KV@toks@=\toks14
)
(/usr/share/texlive/texmf-dist/tex/latex/graphics/graphics.sty
Package: graphics 2016/01/03 v1.0q Standard LaTeX Graphics (DPC,SPQR)

(/usr/share/texlive/texmf-dist/tex/latex/graphics/trig.sty
Package: trig 2016/01/03 v1.10 sin cos tan (DPC)
)
(/usr/share/texlive/texmf-dist/tex/latex/latexconfig/graphics.cfg
File: graphics.cfg 2010/04/23 v1.9 graphics configuration of TeX Live
)
Package graphics Info: Driver file: pdftex.def on input line 95.

(/usr/share/texlive/texmf-dist/tex/latex/pdftex-def/pdftex.def
File: pdftex.def 2011/05/27 v0.06d Graphics/color for pdfTeX

(/usr/share/texlive/texmf-dist/tex/generic/oberdiek/infwarerr.sty
Package: infwarerr 2010/04/08 v1.3 Providing info/warning/error messages (HO)
)
(/usr/share/texlive/texmf-dist/tex/generic/oberdiek/ltxcmds.sty
Package: ltxcmds 2011/11/09 v1.22 LaTeX kernel commands for general use (HO)
)
\Gread@gobject=\count87
))
\Gin@req@height=\dimen103
\Gin@req@width=\dimen104
)
(/usr/share/texlive/texmf-dist/tex/latex/graphics/color.sty
Package: color 2016/01/03 v1.1b Standard LaTeX Color (DPC)

(/usr/share/texlive/texmf-dist/tex/latex/latexconfig/color.cfg
File: color.cfg 2007/01/18 v1.5 color configuration of teTeX/TeXLive
)
Package color Info: Driver file: pdftex.def on input line 143.
)
(/usr/share/texlive/texmf-dist/tex/latex/framed/framed.sty
Package: framed 2011/10/22 v 0.96: framed or shaded text with page breaks
\OuterFrameSep=\skip43
\fb@frw=\dimen105
\fb@frh=\dimen106
\FrameRule=\dimen107
\FrameSep=\dimen108
)
(/usr/share/texlive/texmf-dist/tex/latex/base/alltt.sty
Package: alltt 1997/06/16 v2.0g defines alltt environment
)
(/usr/share/texlive/texmf-dist/tex/latex/upquote/upquote.sty
Package: upquote 2012/04/19 v1.3 upright-quote and grave-accent glyphs in verba
tim
) (./Coverage2.aux)
\openout1 = `Coverage2.aux'.

LaTeX Font Info:    Checking defaults for OML/cmm/m/it on input line 53.
LaTeX Font Info:    ... okay on input line 53.
LaTeX Font Info:    Checking defaults for T1/cmr/m/n on input line 53.
LaTeX Font Info:    ... okay on input line 53.
LaTeX Font Info:    Checking defaults for OT1/cmr/m/n on input line 53.
LaTeX Font Info:    ... okay on input line 53.
LaTeX Font Info:    Checking defaults for OMS/cmsy/m/n on input line 53.
LaTeX Font Info:    ... okay on input line 53.
LaTeX Font Info:    Checking defaults for OMX/cmex/m/n on input line 53.
LaTeX Font Info:    ... okay on input line 53.
LaTeX Font Info:    Checking defaults for U/cmr/m/n on input line 53.
LaTeX Font Info:    ... okay on input line 53.
(/usr/share/texlive/texmf-dist/tex/context/base/supp-pdf.mkii
[Loading MPS to PDF converter (version 2006.09.02).]
\scratchcounter=\count88
\scratchdimen=\dimen109
\scratchbox=\box26
\nofMPsegments=\count89
\nofMParguments=\count90
\everyMPshowfont=\toks15
\MPscratchCnt=\count91
\MPscratchDim=\dimen110
\MPnumerator=\count92
\makeMPintoPDFobject=\count93
\everyMPtoPDFconversion=\toks16
) (/usr/share/texlive/texmf-dist/tex/generic/oberdiek/pdftexcmds.sty
Package: pdftexcmds 2011/11/29 v0.20 Utility functions of pdfTeX for LuaTeX (HO
)

(/usr/share/texlive/texmf-dist/tex/generic/oberdiek/ifluatex.sty
Package: ifluatex 2010/03/01 v1.3 Provides the ifluatex switch (HO)
Package ifluatex Info: LuaTeX not detected.
)
(/usr/share/texlive/texmf-dist/tex/generic/oberdiek/ifpdf.sty
Package: ifpdf 2011/01/30 v2.3 Provides the ifpdf switch (HO)
Package ifpdf Info: pdfTeX in PDF mode is detected.
)
Package pdftexcmds Info: LuaTeX not detected.
Package pdftexcmds Info: \pdf@primitive is available.
Package pdftexcmds Info: \pdf@ifprimitive is available.
Package pdftexcmds Info: \pdfdraftmode found.
)
(/usr/share/texlive/texmf-dist/tex/latex/oberdiek/epstopdf-base.sty
Package: epstopdf-base 2010/02/09 v2.5 Base part for package epstopdf

(/usr/share/texlive/texmf-dist/tex/latex/oberdiek/grfext.sty
Package: grfext 2010/08/19 v1.1 Manage graphics extensions (HO)

(/usr/share/texlive/texmf-dist/tex/generic/oberdiek/kvdefinekeys.sty
Package: kvdefinekeys 2011/04/07 v1.3 Define keys (HO)
))
(/usr/share/texlive/texmf-dist/tex/latex/oberdiek/kvoptions.sty
Package: kvoptions 2011/06/30 v3.11 Key value format for package options (HO)

(/usr/share/texlive/texmf-dist/tex/generic/oberdiek/kvsetkeys.sty
Package: kvsetkeys 2012/04/25 v1.16 Key value parser (HO)

(/usr/share/texlive/texmf-dist/tex/generic/oberdiek/etexcmds.sty
Package: etexcmds 2011/02/16 v1.5 Avoid name clashes with e-TeX commands (HO)
Package etexcmds Info: Could not find \expanded.
(etexcmds)             That can mean that you are not using pdfTeX 1.50 or
(etexcmds)             that some package has redefined \expanded.
(etexcmds)             In the latter case, load this package earlier.
)))
Package grfext Info: Graphics extension search list:
(grfext)             [.png,.pdf,.jpg,.mps,.jpeg,.jbig2,.jb2,.PNG,.PDF,.JPG,.JPE
G,.JBIG2,.JB2,.eps]
(grfext)             \AppendGraphicsExtensions on input line 452.

(/usr/share/texlive/texmf-dist/tex/latex/latexconfig/epstopdf-sys.cfg
File: epstopdf-sys.cfg 2010/07/13 v1.3 Configuration of (r)epstopdf for TeX Liv
e
))
Package color Info: Redefining color shadecolor on input line 56.
LaTeX Font Info:    Font shape `OT1/cmtt/bx/n' in size <10> not available
(Font)              Font shape `OT1/cmtt/m/n' tried instead on input line 62.

Overfull \hbox (1.49698pt too wide) in paragraph at lines 78--79
\OT1/cmtt/m/it/10 ##    colnames, colSums, do.call, duplicated, eval, evalq, Fi
lter, 
 []


Overfull \hbox (11.99689pt too wide) in paragraph at lines 97--98
\OT1/cmtt/m/it/10 ##    'citation("Biobase")', and for packages 'citation("pkgn
ame")'.[] 
 []

[1

{/var/lib/texmf/fonts/map/pdftex/updmap/pdftex.map}]
Package color Info: Redefining color shadecolor on input line 133.

Overfull \hbox (27.74675pt too wide) in paragraph at lines 136--136
[][]\OT1/cmtt/m/n/10 files[] []<-[] []list.files[][]([][]path[] []=[] []"/home/
lucas/ISGlobal/Chip_Seq/DATA/Aligns"[][])[][] 
 []

Package color Info: Redefining color shadecolor on input line 148.
[2]
Overfull \hbox (11.99689pt too wide) in paragraph at lines 167--167
[]\OT1/cmtt/m/n/10 samtools view -F 0x4 foo.sorted.bam | cut -f 1 | sort | uniq
 | wc -l[] 
 []


Overfull \hbox (11.99689pt too wide) in paragraph at lines 167--167
[]\OT1/cmtt/m/n/10 -F : tells samtools to exclude given flag. Flag 0x4 means un
aligned.[] 
 []

Package color Info: Redefining color shadecolor on input line 170.
LaTeX Font Info:    Try loading font information for OMS+cmtt on input line 173
.
(/usr/share/R/share/texmf/tex/latex/omscmtt.fd
File: omscmtt.fd 
)
LaTeX Font Info:    Font shape `OMS/cmtt/m/n' in size <10> not available
(Font)              Font shape `OMS/cmsy/m/n' tried instead on input line 173.

Overfull \hbox (279.74455pt too wide) in paragraph at lines 174--174
[]  []\OT1/cmtt/m/n/10 cmd[] []<-[] []paste0[][]([][]"/home/lucas/Programs/samt
ools-1.3.1/samtools view -F 0x4 "[][], file,[] []" | cut -f 1 | sort | uniq | w
c -l"[][])[][] 
 []

Package color Info: Redefining color shadecolor on input line 185.

Overfull \hbox (11.99689pt too wide) in paragraph at lines 189--189
[]  []\OT1/cmtt/m/n/10 norm_cov[] []<-[] []c[][](norm_cov, cov[[i]][][]/[][]as.
numeric[][](nreads[i])[][]*[][]1000000000[][])[][] 
 []


Overfull \hbox (3.80693pt too wide) in paragraph at lines 195--195
[]\OT1/cmtt/m/n/10 ## Error in names(norm[]cov) <- me[]bams: 'names' attribute 
[5] must
 []

Package color Info: Redefining color shadecolor on input line 200.
Package color Info: Redefining color shadecolor on input line 214.

Overfull \hbox (311.24428pt too wide) in paragraph at lines 222--222
[][]\OT1/cmtt/m/n/10 export[](substraction_A7K9_E5K9, con = []"/home/lucas/ISGl
obal/Chip_Seq/DATA/Substractions/A7K9_E5K9_substr.bed"[], format = []"BED"[])[]
 
 []


Overfull \hbox (27.74675pt too wide) in paragraph at lines 224--224
[]\OT1/cmtt/m/n/10 smooth_sub <- []runmean[](substraction_A7K9_E5K9, 10, endrul
e = []"constant"[])[] 
 []


Overfull \hbox (284.9945pt too wide) in paragraph at lines 225--225
[][]\OT1/cmtt/m/n/10 export[](smooth_sub, con = []"/home/lucas/ISGlobal/Chip_Se
q/DATA/Substractions/A7K9_E5K9_substr_smooth.bed"[], format = []"BED"[])[] 
 []


Overfull \hbox (38.24666pt too wide) in paragraph at lines 227--227
[]\OT1/cmtt/m/n/10 smooth_sub <- []runmean[](substraction_A7K9_E5K9, 1000, endr
ule = []"constant"[])[] 
 []


Overfull \hbox (305.99432pt too wide) in paragraph at lines 228--228
[][]\OT1/cmtt/m/n/10 export[](smooth_sub, con = []"/home/lucas/ISGlobal/Chip_Se
q/DATA/Substractions/A7K9_E5K9_substr_smooth1000.bed"[], format = []"BED"[])[] 

 []


Overfull \hbox (132.24596pt too wide) in paragraph at lines 230--230
[]\OT1/cmtt/m/n/10 smoothviews <- []lapply[](substraction_A7K9_E5K9, []function
[](x) \OMS/cmsy/m/n/10 f[]\OT1/cmtt/m/n/10 successiveViews[](x, width = 10)\OMS
/cmsy/m/n/10 g\OT1/cmtt/m/n/10 )[] 
 []

[3]
Package color Info: Redefining color shadecolor on input line 240.

Overfull \hbox (48.74657pt too wide) in paragraph at lines 284--284
[]\OT1/cmtt/m/n/10 ## [1] parallel  stats4    stats     graphics  grDevices uti
ls     datasets[] 
 []

[4] [5] (./Coverage2.aux) ) 
Here is how much of TeX's memory you used:
 1629 strings out of 493029
 23439 string characters out of 6136235
 87690 words of memory out of 5000000
 5163 multiletter control sequences out of 15000+600000
 5186 words of font info for 20 fonts, out of 8000000 for 9000
 1141 hyphenation exceptions out of 8191
 38i,5n,23p,652b,278s stack positions out of 5000i,500n,10000p,200000b,80000s
</usr/share/texlive/texmf-dist/fonts/type1/public/am
sfonts/cm/cmbx12.pfb></usr/share/texlive/texmf-dist/fonts/type1/public/amsfonts
/cm/cmitt10.pfb></usr/share/texlive/texmf-dist/fonts/type1/public/amsfonts/cm/c
mr10.pfb></usr/share/texlive/texmf-dist/fonts/type1/public/amsfonts/cm/cmsy10.p
fb></usr/share/texlive/texmf-dist/fonts/type1/public/amsfonts/cm/cmtt10.pfb>
Output written on Coverage2.pdf (5 pages, 75634 bytes).
PDF statistics:
 40 PDF objects out of 1000 (max. 8388607)
 27 compressed objects within 1 object stream
 0 named destinations out of 1000 (max. 500000)
 1 words of extra memory for PDF output out of 10000 (max. 10000000)

