This is pdfTeX, Version 3.14159265-2.6-1.40.16 (TeX Live 2015/Debian) (preloaded format=pdflatex 2017.3.10)  16 JUN 2017 11:04
entering extended mode
 restricted \write18 enabled.
 %&-line parsing enabled.
**trans_diff_compare.tex
(./trans_diff_compare.tex
LaTeX2e <2016/02/01>
Babel <3.9q> and hyphenation patterns for 81 language(s) loaded.
(/usr/share/texlive/texmf-dist/tex/latex/base/article.cls
Document Class: article 2014/09/29 v1.4h Standard LaTeX document class
(/usr/share/texlive/texmf-dist/tex/latex/base/size10.clo
File: size10.clo 2014/09/29 v1.4h Standard LaTeX file (size option)
)
\c@part=\count79
\c@section=\count80
\c@subsection=\count81
\c@subsubsection=\count82
\c@paragraph=\count83
\c@subparagraph=\count84
\c@figure=\count85
\c@table=\count86
\abovecaptionskip=\skip41
\belowcaptionskip=\skip42
\bibindent=\dimen102
)
(/usr/share/texlive/texmf-dist/tex/latex/graphics/graphicx.sty
Package: graphicx 2014/10/28 v1.0g Enhanced LaTeX Graphics (DPC,SPQR)

(/usr/share/texlive/texmf-dist/tex/latex/graphics/keyval.sty
Package: keyval 2014/10/28 v1.15 key=value parser (DPC)
\KV@toks@=\toks14
)
(/usr/share/texlive/texmf-dist/tex/latex/graphics/graphics.sty
Package: graphics 2016/01/03 v1.0q Standard LaTeX Graphics (DPC,SPQR)

(/usr/share/texlive/texmf-dist/tex/latex/graphics/trig.sty
Package: trig 2016/01/03 v1.10 sin cos tan (DPC)
)
(/usr/share/texlive/texmf-dist/tex/latex/latexconfig/graphics.cfg
File: graphics.cfg 2010/04/23 v1.9 graphics configuration of TeX Live
)
Package graphics Info: Driver file: pdftex.def on input line 95.

(/usr/share/texlive/texmf-dist/tex/latex/pdftex-def/pdftex.def
File: pdftex.def 2011/05/27 v0.06d Graphics/color for pdfTeX

(/usr/share/texlive/texmf-dist/tex/generic/oberdiek/infwarerr.sty
Package: infwarerr 2010/04/08 v1.3 Providing info/warning/error messages (HO)
)
(/usr/share/texlive/texmf-dist/tex/generic/oberdiek/ltxcmds.sty
Package: ltxcmds 2011/11/09 v1.22 LaTeX kernel commands for general use (HO)
)
\Gread@gobject=\count87
))
\Gin@req@height=\dimen103
\Gin@req@width=\dimen104
)
(/usr/share/texlive/texmf-dist/tex/latex/graphics/color.sty
Package: color 2016/01/03 v1.1b Standard LaTeX Color (DPC)

(/usr/share/texlive/texmf-dist/tex/latex/latexconfig/color.cfg
File: color.cfg 2007/01/18 v1.5 color configuration of teTeX/TeXLive
)
Package color Info: Driver file: pdftex.def on input line 143.
)
(/usr/share/texlive/texmf-dist/tex/latex/framed/framed.sty
Package: framed 2011/10/22 v 0.96: framed or shaded text with page breaks
\OuterFrameSep=\skip43
\fb@frw=\dimen105
\fb@frh=\dimen106
\FrameRule=\dimen107
\FrameSep=\dimen108
)
(/usr/share/texlive/texmf-dist/tex/latex/base/alltt.sty
Package: alltt 1997/06/16 v2.0g defines alltt environment
)
(/usr/share/texlive/texmf-dist/tex/latex/listings/listings.sty
\lst@mode=\count88
\lst@gtempboxa=\box26
\lst@token=\toks15
\lst@length=\count89
\lst@currlwidth=\dimen109
\lst@column=\count90
\lst@pos=\count91
\lst@lostspace=\dimen110
\lst@width=\dimen111
\lst@newlines=\count92
\lst@lineno=\count93
\lst@maxwidth=\dimen112

(/usr/share/texlive/texmf-dist/tex/latex/listings/lstmisc.sty
File: lstmisc.sty 2015/06/04 1.6 (Carsten Heinz)
\c@lstnumber=\count94
\lst@skipnumbers=\count95
\lst@framebox=\box27
)
(/usr/share/texlive/texmf-dist/tex/latex/listings/listings.cfg
File: listings.cfg 2015/06/04 1.6 listings configuration
))
Package: listings 2015/06/04 1.6 (Carsten Heinz)

(/usr/share/texlive/texmf-dist/tex/latex/mnsymbol/MnSymbol.sty
Package: MnSymbol 2007/01/21 v1.4 support for the MnSymbol font

(/usr/share/texlive/texmf-dist/tex/latex/amsmath/amsmath.sty
Package: amsmath 2016/03/03 v2.15a AMS math features
\@mathmargin=\skip44

For additional information on amsmath, use the `?' option.
(/usr/share/texlive/texmf-dist/tex/latex/amsmath/amstext.sty
Package: amstext 2000/06/29 v2.01 AMS text

(/usr/share/texlive/texmf-dist/tex/latex/amsmath/amsgen.sty
File: amsgen.sty 1999/11/30 v2.0 generic functions
\@emptytoks=\toks16
\ex@=\dimen113
))
(/usr/share/texlive/texmf-dist/tex/latex/amsmath/amsbsy.sty
Package: amsbsy 1999/11/29 v1.2d Bold Symbols
\pmbraise@=\dimen114
)
(/usr/share/texlive/texmf-dist/tex/latex/amsmath/amsopn.sty
Package: amsopn 1999/12/14 v2.01 operator names
)
\inf@bad=\count96
LaTeX Info: Redefining \frac on input line 199.
\uproot@=\count97
\leftroot@=\count98
LaTeX Info: Redefining \overline on input line 297.
\classnum@=\count99
\DOTSCASE@=\count100
LaTeX Info: Redefining \ldots on input line 394.
LaTeX Info: Redefining \dots on input line 397.
LaTeX Info: Redefining \cdots on input line 518.
\Mathstrutbox@=\box28
\strutbox@=\box29
\big@size=\dimen115
LaTeX Font Info:    Redeclaring font encoding OML on input line 630.
LaTeX Font Info:    Redeclaring font encoding OMS on input line 631.
\macc@depth=\count101
\c@MaxMatrixCols=\count102
\dotsspace@=\muskip10
\c@parentequation=\count103
\dspbrk@lvl=\count104
\tag@help=\toks17
\row@=\count105
\column@=\count106
\maxfields@=\count107
\andhelp@=\toks18
\eqnshift@=\dimen116
\alignsep@=\dimen117
\tagshift@=\dimen118
\tagwidth@=\dimen119
\totwidth@=\dimen120
\lineht@=\dimen121
\@envbody=\toks19
\multlinegap=\skip45
\multlinetaggap=\skip46
\mathdisplay@stack=\toks20
LaTeX Info: Redefining \[ on input line 2735.
LaTeX Info: Redefining \] on input line 2736.
)
(/usr/share/texlive/texmf-dist/tex/latex/base/textcomp.sty
Package: textcomp 2005/09/27 v1.99g Standard LaTeX package
Package textcomp Info: Sub-encoding information:
(textcomp)               5 = only ISO-Adobe without \textcurrency
(textcomp)               4 = 5 + \texteuro
(textcomp)               3 = 4 + \textohm
(textcomp)               2 = 3 + \textestimated + \textcurrency
(textcomp)               1 = TS1 - \textcircled - \t
(textcomp)               0 = TS1 (full)
(textcomp)             Font families with sub-encoding setting implement
(textcomp)             only a restricted character set as indicated.
(textcomp)             Family '?' is the default used for unknown fonts.
(textcomp)             See the documentation for details.
Package textcomp Info: Setting ? sub-encoding to TS1/1 on input line 79.

(/usr/share/texlive/texmf-dist/tex/latex/base/ts1enc.def
File: ts1enc.def 2001/06/05 v3.0e (jk/car/fm) Standard LaTeX file
)
LaTeX Info: Redefining \oldstylenums on input line 334.
Package textcomp Info: Setting cmr sub-encoding to TS1/0 on input line 349.
Package textcomp Info: Setting cmss sub-encoding to TS1/0 on input line 350.
Package textcomp Info: Setting cmtt sub-encoding to TS1/0 on input line 351.
Package textcomp Info: Setting cmvtt sub-encoding to TS1/0 on input line 352.
Package textcomp Info: Setting cmbr sub-encoding to TS1/0 on input line 353.
Package textcomp Info: Setting cmtl sub-encoding to TS1/0 on input line 354.
Package textcomp Info: Setting ccr sub-encoding to TS1/0 on input line 355.
Package textcomp Info: Setting ptm sub-encoding to TS1/4 on input line 356.
Package textcomp Info: Setting pcr sub-encoding to TS1/4 on input line 357.
Package textcomp Info: Setting phv sub-encoding to TS1/4 on input line 358.
Package textcomp Info: Setting ppl sub-encoding to TS1/3 on input line 359.
Package textcomp Info: Setting pag sub-encoding to TS1/4 on input line 360.
Package textcomp Info: Setting pbk sub-encoding to TS1/4 on input line 361.
Package textcomp Info: Setting pnc sub-encoding to TS1/4 on input line 362.
Package textcomp Info: Setting pzc sub-encoding to TS1/4 on input line 363.
Package textcomp Info: Setting bch sub-encoding to TS1/4 on input line 364.
Package textcomp Info: Setting put sub-encoding to TS1/5 on input line 365.
Package textcomp Info: Setting uag sub-encoding to TS1/5 on input line 366.
Package textcomp Info: Setting ugq sub-encoding to TS1/5 on input line 367.
Package textcomp Info: Setting ul8 sub-encoding to TS1/4 on input line 368.
Package textcomp Info: Setting ul9 sub-encoding to TS1/4 on input line 369.
Package textcomp Info: Setting augie sub-encoding to TS1/5 on input line 370.
Package textcomp Info: Setting dayrom sub-encoding to TS1/3 on input line 371.
Package textcomp Info: Setting dayroms sub-encoding to TS1/3 on input line 372.

Package textcomp Info: Setting pxr sub-encoding to TS1/0 on input line 373.
Package textcomp Info: Setting pxss sub-encoding to TS1/0 on input line 374.
Package textcomp Info: Setting pxtt sub-encoding to TS1/0 on input line 375.
Package textcomp Info: Setting txr sub-encoding to TS1/0 on input line 376.
Package textcomp Info: Setting txss sub-encoding to TS1/0 on input line 377.
Package textcomp Info: Setting txtt sub-encoding to TS1/0 on input line 378.
Package textcomp Info: Setting lmr sub-encoding to TS1/0 on input line 379.
Package textcomp Info: Setting lmdh sub-encoding to TS1/0 on input line 380.
Package textcomp Info: Setting lmss sub-encoding to TS1/0 on input line 381.
Package textcomp Info: Setting lmssq sub-encoding to TS1/0 on input line 382.
Package textcomp Info: Setting lmvtt sub-encoding to TS1/0 on input line 383.
Package textcomp Info: Setting lmtt sub-encoding to TS1/0 on input line 384.
Package textcomp Info: Setting qhv sub-encoding to TS1/0 on input line 385.
Package textcomp Info: Setting qag sub-encoding to TS1/0 on input line 386.
Package textcomp Info: Setting qbk sub-encoding to TS1/0 on input line 387.
Package textcomp Info: Setting qcr sub-encoding to TS1/0 on input line 388.
Package textcomp Info: Setting qcs sub-encoding to TS1/0 on input line 389.
Package textcomp Info: Setting qpl sub-encoding to TS1/0 on input line 390.
Package textcomp Info: Setting qtm sub-encoding to TS1/0 on input line 391.
Package textcomp Info: Setting qzc sub-encoding to TS1/0 on input line 392.
Package textcomp Info: Setting qhvc sub-encoding to TS1/0 on input line 393.
Package textcomp Info: Setting futs sub-encoding to TS1/4 on input line 394.
Package textcomp Info: Setting futx sub-encoding to TS1/4 on input line 395.
Package textcomp Info: Setting futj sub-encoding to TS1/4 on input line 396.
Package textcomp Info: Setting hlh sub-encoding to TS1/3 on input line 397.
Package textcomp Info: Setting hls sub-encoding to TS1/3 on input line 398.
Package textcomp Info: Setting hlst sub-encoding to TS1/3 on input line 399.
Package textcomp Info: Setting hlct sub-encoding to TS1/5 on input line 400.
Package textcomp Info: Setting hlx sub-encoding to TS1/5 on input line 401.
Package textcomp Info: Setting hlce sub-encoding to TS1/5 on input line 402.
Package textcomp Info: Setting hlcn sub-encoding to TS1/5 on input line 403.
Package textcomp Info: Setting hlcw sub-encoding to TS1/5 on input line 404.
Package textcomp Info: Setting hlcf sub-encoding to TS1/5 on input line 405.
Package textcomp Info: Setting pplx sub-encoding to TS1/3 on input line 406.
Package textcomp Info: Setting pplj sub-encoding to TS1/3 on input line 407.
Package textcomp Info: Setting ptmx sub-encoding to TS1/4 on input line 408.
Package textcomp Info: Setting ptmj sub-encoding to TS1/4 on input line 409.
)
(/usr/share/texlive/texmf-dist/tex/latex/amsfonts/eufrak.sty
Package: eufrak 2009/06/22 v3.00 Euler Fraktur fonts
LaTeX Font Info:    Overwriting math alphabet `\EuFrak' in version `bold'
(Font)                  U/euf/m/n --> U/euf/b/n on input line 39.
)
LaTeX Info: Redefining \dagger on input line 84.
LaTeX Info: Redefining \ddagger on input line 84.
LaTeX Info: Redefining \mathparagraph on input line 84.
LaTeX Info: Redefining \mathsection on input line 84.
LaTeX Info: Redefining \mathdollar on input line 84.
LaTeX Info: Redefining \mathsterling on input line 84.
LaTeX Info: Redefining \Re on input line 84.
LaTeX Info: Redefining \Im on input line 84.
\symMnSyA=\mathgroup4
\symMnSyB=\mathgroup5
\symMnSyC=\mathgroup6
\symMnSyD=\mathgroup7
LaTeX Font Info:    Redeclaring symbol font `largesymbols' on input line 119.
LaTeX Font Info:    Overwriting symbol font `largesymbols' in version `normal'
(Font)                  OMX/cmex/m/n --> OMX/MnSymbolE/m/n on input line 119.
LaTeX Font Info:    Overwriting symbol font `largesymbols' in version `bold'
(Font)                  OMX/cmex/m/n --> OMX/MnSymbolE/m/n on input line 119.
LaTeX Font Info:    Redeclaring symbol font `symbols' on input line 120.
LaTeX Font Info:    Encoding `OMS' has changed to `U' for symbol font
(Font)              `symbols' in the math version `normal' on input line 120.
LaTeX Font Info:    Overwriting symbol font `symbols' in version `normal'
(Font)                  OMS/cmsy/m/n --> U/MnSymbolF/m/n on input line 120.
LaTeX Font Info:    Encoding `OMS' has changed to `U' for symbol font
(Font)              `symbols' in the math version `bold' on input line 120.
LaTeX Font Info:    Overwriting symbol font `symbols' in version `bold'
(Font)                  OMS/cmsy/b/n --> U/MnSymbolF/m/n on input line 120.
LaTeX Font Info:    Overwriting symbol font `MnSyA' in version `bold'
(Font)                  U/MnSymbolA/m/n --> U/MnSymbolA/b/n on input line 121.
LaTeX Font Info:    Overwriting symbol font `MnSyB' in version `bold'
(Font)                  U/MnSymbolB/m/n --> U/MnSymbolB/b/n on input line 122.
LaTeX Font Info:    Overwriting symbol font `MnSyC' in version `bold'
(Font)                  U/MnSymbolC/m/n --> U/MnSymbolC/b/n on input line 123.
LaTeX Font Info:    Overwriting symbol font `MnSyD' in version `bold'
(Font)                  U/MnSymbolD/m/n --> U/MnSymbolD/b/n on input line 124.
LaTeX Font Info:    Overwriting symbol font `largesymbols' in version `bold'
(Font)                  OMX/MnSymbolE/m/n --> OMX/MnSymbolE/b/n on input line 1
25.
LaTeX Font Info:    Overwriting symbol font `symbols' in version `bold'
(Font)                  U/MnSymbolF/m/n --> U/MnSymbolF/b/n on input line 126.
LaTeX Font Info:    Redeclaring math alphabet \mathcal on input line 241.
LaTeX Font Info:    Overwriting math alphabet `\mathcal' in version `bold'
(Font)                  OMS/MnSymbolS/m/n --> OMS/MnSymbolS/b/n on input line 2
41.
LaTeX Info: Redefining \longrightarrow on input line 548.
LaTeX Info: Redefining \longleftarrow on input line 549.
LaTeX Info: Redefining \longleftrightarrow on input line 550.
LaTeX Info: Redefining \Longrightarrow on input line 551.
LaTeX Info: Redefining \Longleftarrow on input line 552.
LaTeX Info: Redefining \Longleftrightarrow on input line 553.
LaTeX Info: Redefining \longmapsto on input line 554.
LaTeX Info: Redefining \vdots on input line 868.
LaTeX Font Info:    Redeclaring math symbol \braceld on input line 1721.
LaTeX Font Info:    Redeclaring math symbol \bracelu on input line 1722.
LaTeX Font Info:    Redeclaring math symbol \bracerd on input line 1723.
LaTeX Font Info:    Redeclaring math symbol \braceru on input line 1724.
LaTeX Info: Redefining \downbracefill on input line 1799.
LaTeX Info: Redefining \upbracefill on input line 1800.
LaTeX Info: Redefining \overbrace on input line 1819.
LaTeX Info: Redefining \underbrace on input line 1820.
LaTeX Info: Redefining \surd on input line 1843.
LaTeX Font Info:    Redeclaring math accent \widehat on input line 1845.
LaTeX Font Info:    Redeclaring math accent \widetilde on input line 1846.
LaTeX Font Info:    Redeclaring math accent \vec on input line 1848.
)
(/usr/share/texlive/texmf-dist/tex/latex/upquote/upquote.sty
Package: upquote 2012/04/19 v1.3 upright-quote and grave-accent glyphs in verba
tim
)
(./trans_diff_compare.aux)
\openout1 = `trans_diff_compare.aux'.

LaTeX Font Info:    Checking defaults for OML/cmm/m/it on input line 63.
LaTeX Font Info:    ... okay on input line 63.
LaTeX Font Info:    Checking defaults for T1/cmr/m/n on input line 63.
LaTeX Font Info:    ... okay on input line 63.
LaTeX Font Info:    Checking defaults for OT1/cmr/m/n on input line 63.
LaTeX Font Info:    ... okay on input line 63.
LaTeX Font Info:    Checking defaults for OMS/cmsy/m/n on input line 63.
LaTeX Font Info:    ... okay on input line 63.
LaTeX Font Info:    Checking defaults for OMX/cmex/m/n on input line 63.
LaTeX Font Info:    ... okay on input line 63.
LaTeX Font Info:    Checking defaults for U/cmr/m/n on input line 63.
LaTeX Font Info:    ... okay on input line 63.
LaTeX Font Info:    Checking defaults for TS1/cmr/m/n on input line 63.
LaTeX Font Info:    Try loading font information for TS1+cmr on input line 63.

(/usr/share/texlive/texmf-dist/tex/latex/base/ts1cmr.fd
File: ts1cmr.fd 2014/09/29 v2.5h Standard LaTeX font definitions
)
LaTeX Font Info:    ... okay on input line 63.

(/usr/share/texlive/texmf-dist/tex/context/base/supp-pdf.mkii
[Loading MPS to PDF converter (version 2006.09.02).]
\scratchcounter=\count108
\scratchdimen=\dimen122
\scratchbox=\box30
\nofMPsegments=\count109
\nofMParguments=\count110
\everyMPshowfont=\toks21
\MPscratchCnt=\count111
\MPscratchDim=\dimen123
\MPnumerator=\count112
\makeMPintoPDFobject=\count113
\everyMPtoPDFconversion=\toks22
) (/usr/share/texlive/texmf-dist/tex/generic/oberdiek/pdftexcmds.sty
Package: pdftexcmds 2011/11/29 v0.20 Utility functions of pdfTeX for LuaTeX (HO
)

(/usr/share/texlive/texmf-dist/tex/generic/oberdiek/ifluatex.sty
Package: ifluatex 2010/03/01 v1.3 Provides the ifluatex switch (HO)
Package ifluatex Info: LuaTeX not detected.
)
(/usr/share/texlive/texmf-dist/tex/generic/oberdiek/ifpdf.sty
Package: ifpdf 2011/01/30 v2.3 Provides the ifpdf switch (HO)
Package ifpdf Info: pdfTeX in PDF mode is detected.
)
Package pdftexcmds Info: LuaTeX not detected.
Package pdftexcmds Info: \pdf@primitive is available.
Package pdftexcmds Info: \pdf@ifprimitive is available.
Package pdftexcmds Info: \pdfdraftmode found.
)
(/usr/share/texlive/texmf-dist/tex/latex/oberdiek/epstopdf-base.sty
Package: epstopdf-base 2010/02/09 v2.5 Base part for package epstopdf

(/usr/share/texlive/texmf-dist/tex/latex/oberdiek/grfext.sty
Package: grfext 2010/08/19 v1.1 Manage graphics extensions (HO)

(/usr/share/texlive/texmf-dist/tex/generic/oberdiek/kvdefinekeys.sty
Package: kvdefinekeys 2011/04/07 v1.3 Define keys (HO)
))
(/usr/share/texlive/texmf-dist/tex/latex/oberdiek/kvoptions.sty
Package: kvoptions 2011/06/30 v3.11 Key value format for package options (HO)

(/usr/share/texlive/texmf-dist/tex/generic/oberdiek/kvsetkeys.sty
Package: kvsetkeys 2012/04/25 v1.16 Key value parser (HO)

(/usr/share/texlive/texmf-dist/tex/generic/oberdiek/etexcmds.sty
Package: etexcmds 2011/02/16 v1.5 Avoid name clashes with e-TeX commands (HO)
Package etexcmds Info: Could not find \expanded.
(etexcmds)             That can mean that you are not using pdfTeX 1.50 or
(etexcmds)             that some package has redefined \expanded.
(etexcmds)             In the latter case, load this package earlier.
)))
Package grfext Info: Graphics extension search list:
(grfext)             [.png,.pdf,.jpg,.mps,.jpeg,.jbig2,.jb2,.PNG,.PDF,.JPG,.JPE
G,.JBIG2,.JB2,.eps]
(grfext)             \AppendGraphicsExtensions on input line 452.

(/usr/share/texlive/texmf-dist/tex/latex/latexconfig/epstopdf-sys.cfg
File: epstopdf-sys.cfg 2010/07/13 v1.3 Configuration of (r)epstopdf for TeX Liv
e
))
\c@lstlisting=\count114
Package color Info: Redefining color shadecolor on input line 68.
LaTeX Font Info:    Font shape `OT1/cmtt/bx/n' in size <10> not available
(Font)              Font shape `OT1/cmtt/m/n' tried instead on input line 70.

Overfull \hbox (316.49423pt too wide) in paragraph at lines 70--70
[][]\OT1/cmtt/m/n/10 rosetta[] []<-[] []read.table[][]([][]"/home/lucas/ISGloba
l/Gen_Referencies/Gene_references_rosetta.txt"[][],[] []fill[] []=[] []TRUE[][]
,[] []fileEncoding[] []=[] []"UTF-8"[][])[][] 
 []

Missing character: There is no Ã in font cmr10!
Missing character: There is no © in font cmr10!
Missing character: There is no Ã in font cmr10!
Missing character: There is no   in font cmr10!
Missing character: There is no Ã in font cmr10!
Missing character: There is no ¨ in font cmr10!
Missing character: There is no Ã in font cmr10!
Missing character: There is no ³ in font cmr10!
Package color Info: Redefining color shadecolor on input line 76.

Overfull \hbox (227.24501pt too wide) in paragraph at lines 78--78
[][]\OT1/cmtt/m/n/10 diff_trans[] []<-[] []read.table[][]([][]"/home/lucas/ISGl
obal/Llista_diff_10G_12B.txt"[][],[] []fill[] []=[] []TRUE[][],[] []fileEncodin
g[] []=[] []"UTF-8"[][])[][] 
 []

Package color Info: Redefining color shadecolor on input line 84.
Missing character: There is no Ã in font cmitt10!
Missing character: There is no ¨ in font cmitt10!
Missing character: There is no Ã in font cmitt10!
Missing character: There is no ³ in font cmitt10!

Overfull \hbox (269.24464pt too wide) in paragraph at lines 87--87
[][]\OT1/cmtt/m/n/10 diff_trans_all[] []<-[] []read.table[][]([][]"/home/lucas/
ISGlobal/Llista_diff_10G_12B_all.txt"[][],[] []fill[] []=[] []TRUE[][],[] []fil
eEncoding[] []=[] []"UTF-8"[][])[][] 
 []


Overfull \hbox (232.49496pt too wide) in paragraph at lines 90--90
[][]\OT1/cmtt/m/n/10 diff_10G_met[] []<-[] []read.table[][]([][]"/home/lucas/IS
Global/metil_diff_10G_12B.txt"[][],[] []fill[] []=[] []TRUE[][],[] []fileEncodi
ng[] []=[] []"UTF-8"[][])[][] 
 []


Overfull \hbox (232.49496pt too wide) in paragraph at lines 94--94
[][]\OT1/cmtt/m/n/10 diff_12B_met[] []<-[] []read.table[][]([][]"/home/lucas/IS
Global/metil_diff_12B_10G.txt"[][],[] []fill[] []=[] []TRUE[][],[] []fileEncodi
ng[] []=[] []"UTF-8"[][])[][] 
 []


Overfull \hbox (38.24666pt too wide) in paragraph at lines 109--109
[]\OT1/cmtt/m/n/10 ##  [1]  TRUE  TRUE  TRUE  TRUE  TRUE  TRUE  TRUE  TRUE  TRU
E  TRUE  TRUE[] 
 []


Overfull \hbox (38.24666pt too wide) in paragraph at lines 109--109
[]\OT1/cmtt/m/n/10 ## [12]  TRUE  TRUE  TRUE  TRUE  TRUE  TRUE  TRUE  TRUE  TRU
E  TRUE  TRUE[] 
 []


Overfull \hbox (38.24666pt too wide) in paragraph at lines 109--109
[]\OT1/cmtt/m/n/10 ## [23]  TRUE  TRUE  TRUE  TRUE  TRUE  TRUE  TRUE FALSE  TRU
E  TRUE  TRUE[] 
 []


Overfull \hbox (38.24666pt too wide) in paragraph at lines 109--109
[]\OT1/cmtt/m/n/10 ## [34]  TRUE  TRUE  TRUE  TRUE  TRUE  TRUE  TRUE  TRUE FALS
E  TRUE  TRUE[] 
 []


Overfull \hbox (38.24666pt too wide) in paragraph at lines 109--109
[]\OT1/cmtt/m/n/10 ## [45]  TRUE  TRUE  TRUE  TRUE  TRUE  TRUE  TRUE  TRUE  TRU
E  TRUE  TRUE[] 
 []


Overfull \hbox (38.24666pt too wide) in paragraph at lines 109--109
[]\OT1/cmtt/m/n/10 ## [56]  TRUE  TRUE  TRUE  TRUE  TRUE  TRUE  TRUE  TRUE  TRU
E  TRUE  TRUE[] 
 []


Overfull \hbox (38.24666pt too wide) in paragraph at lines 109--109
[]\OT1/cmtt/m/n/10 ## [67]  TRUE  TRUE  TRUE  TRUE  TRUE  TRUE  TRUE  TRUE  TRU
E  TRUE  TRUE[] 
 []


Overfull \hbox (6.74693pt too wide) in paragraph at lines 109--109
[]\OT1/cmtt/m/n/10 ## [78]  TRUE  TRUE  TRUE  TRUE  TRUE  TRUE  TRUE  TRUE  TRU
E  TRUE[] 
 []


Overfull \hbox (174.74547pt too wide) in paragraph at lines 111--111
[][]\OT1/cmtt/m/n/10 diff_trans[,[][]1[][]][] []%in%[] []rosetta[,[][]3[][]][] 
[]|[] []diff_trans[,[][]1[][]][] []%in%[] []rosetta[,[][]4[][]][] []|[] []diff_
trans[,[][]1[][]][] []%in%[] []rosetta[,[][]5[][]][][] 
 []


Overfull \hbox (59.24648pt too wide) in paragraph at lines 118--118
[]\OT1/cmtt/m/n/10 ##  [1] TRUE TRUE TRUE TRUE TRUE TRUE TRUE TRUE TRUE TRUE TR
UE TRUE TRUE TRUE[] 
 []


Overfull \hbox (59.24648pt too wide) in paragraph at lines 118--118
[]\OT1/cmtt/m/n/10 ## [15] TRUE TRUE TRUE TRUE TRUE TRUE TRUE TRUE TRUE TRUE TR
UE TRUE TRUE TRUE[] 
 []


Overfull \hbox (59.24648pt too wide) in paragraph at lines 118--118
[]\OT1/cmtt/m/n/10 ## [29] TRUE TRUE TRUE TRUE TRUE TRUE TRUE TRUE TRUE TRUE TR
UE TRUE TRUE TRUE[] 
 []

Missing character: There is no Ã in font cmitt10!
Missing character: There is no ¯ in font cmitt10!
LaTeX Font Info:    Try loading font information for OMS+cmtt on input line 121
.
(/usr/share/R/share/texmf/tex/latex/omscmtt.fd
File: omscmtt.fd 
)
LaTeX Font Info:    Font shape `OMS/cmtt/m/n' in size <10> not available
(Font)              Font shape `OMS/cmsy/m/n' tried instead on input line 121.

Overfull \hbox (1.49698pt too wide) in paragraph at lines 123--123
[]    []\OT1/cmtt/m/n/10 diff_trans[i,[][]2[][]][] []<-[] []rosetta[rosetta[,[]
[]3[][]][] []%in%[] []diff_trans[i,[][]1[][]],[][]1[][]][][] 
 []


Overfull \hbox (1.49698pt too wide) in paragraph at lines 125--125
[]    []\OT1/cmtt/m/n/10 diff_trans[i,[][]2[][]][] []<-[] []rosetta[rosetta[,[]
[]4[][]][] []%in%[] []diff_trans[i,[][]1[][]],[][]1[][]][][] 
 []


Overfull \hbox (1.49698pt too wide) in paragraph at lines 127--127
[]    []\OT1/cmtt/m/n/10 diff_trans[i,[][]2[][]][] []<-[] []rosetta[rosetta[,[]
[]5[][]][] []%in%[] []diff_trans[i,[][]1[][]],[][]1[][]][][] 
 []

Missing character: There is no Ã in font cmitt10!
Missing character: There is no ¯ in font cmitt10!

Overfull \hbox (18.98296pt too wide) in paragraph at lines 131--131
[][]\OT1/cmtt/m/it/10 # Tradur diff_trans_all ALERTA!!! alguns tenen multiples 
traduccions![][] 
 []


Overfull \hbox (59.24648pt too wide) in paragraph at lines 134--134
[]    []\OT1/cmtt/m/n/10 diff_trans_all[i,[][]2[][]][] []<-[] []rosetta[rosetta
[,[][]3[][]][] []%in%[] []diff_trans_all[i,[][]1[][]],[][]1[][]][[][]1[][]][][]
 
 []


Overfull \hbox (59.24648pt too wide) in paragraph at lines 136--136
[]    []\OT1/cmtt/m/n/10 diff_trans_all[i,[][]2[][]][] []<-[] []rosetta[rosetta
[,[][]4[][]][] []%in%[] []diff_trans_all[i,[][]1[][]],[][]1[][]][[][]1[][]][][]
 
 []


Overfull \hbox (59.24648pt too wide) in paragraph at lines 138--138
[]    []\OT1/cmtt/m/n/10 diff_trans_all[i,[][]2[][]][] []<-[] []rosetta[rosetta
[,[][]5[][]][] []%in%[] []diff_trans_all[i,[][]1[][]],[][]1[][]][[][]1[][]][][]
 
 []


Overfull \hbox (123.98204pt too wide) in paragraph at lines 142--142
[][]\OT1/cmtt/m/it/10 #### Gens de diff_trans que estan en un o altra llista de
ls diffential peak callings ####[][] 
 []


Overfull \hbox (43.49661pt too wide) in paragraph at lines 145--145
[][]\OT1/cmtt/m/n/10 table[][](diff_trans[,[][]2[][]][] []%in%[] []diff_10G_met
[] []|[] []diff_trans[,[][]2[][]][] []%in%[] []diff_12B_met)[][] 
 []

Missing character: There is no Ã in font cmitt10!
Missing character: There is no ³ in font cmitt10!

Overfull \hbox (74.99634pt too wide) in paragraph at lines 154--154
[][]\OT1/cmtt/m/n/10 diff_trans[diff_trans[,[][]2[][]][] []%in%[] []diff_10G_me
t[] []|[] []diff_trans[,[][]2[][]][] []%in%[] []diff_12B_met,][][] 
 []

Missing character: There is no Ã in font cmitt10!
Missing character: There is no ³ in font cmitt10!

Overfull \hbox (90.7462pt too wide) in paragraph at lines 186--186
[][]\OT1/cmtt/m/n/10 diff_trans[[][]![][](diff_trans[,[][]2[][]][] []%in%[] []d
iff_10G_met[] []|[] []diff_trans[,[][]2[][]][] []%in%[] []diff_12B_met),][][] 
 []

Missing character: There is no Ã in font cmitt10!
Missing character: There is no ³ in font cmitt10!

Overfull \hbox (71.4825pt too wide) in paragraph at lines 214--214
[][]\OT1/cmtt/m/it/10 #### Gens que surten differencialment metilats que sn a l
a llista de trans ####[][] 
 []


Overfull \hbox (144.98186pt too wide) in paragraph at lines 232--232
[][]\OT1/cmtt/m/it/10 #### Gens de diff_trans_all que estan en un o altra llist
a dels diffential peak callings ####[][] 
 []


Overfull \hbox (85.49625pt too wide) in paragraph at lines 235--235
[][]\OT1/cmtt/m/n/10 table[][](diff_trans_all[,[][]2[][]][] []%in%[] []diff_10G
_met[] []|[] []diff_trans_all[,[][]2[][]][] []%in%[] []diff_12B_met)[][] 
 []

Missing character: There is no Ã in font cmitt10!
Missing character: There is no ³ in font cmitt10!

Overfull \hbox (137.99579pt too wide) in paragraph at lines 244--244
[][]\OT1/cmtt/m/n/10 diff_trans_all[diff_trans_all[,[][]2[][]][] []%in%[] []dif
f_10G_met[] []|[] []diff_trans_all[,[][]2[][]][] []%in%[] []diff_12B_met,][][] 

 []

Missing character: There is no Ã in font cmitt10!
Missing character: There is no ³ in font cmitt10!

Overfull \hbox (153.74565pt too wide) in paragraph at lines 403--403
[][]\OT1/cmtt/m/n/10 diff_trans_all[[][]![][](diff_trans_all[,[][]2[][]][] []%i
n%[] []diff_10G_met[] []|[] []diff_trans_all[,[][]2[][]][] []%in%[] []diff_12B_
met),][][] 
 []

Missing character: There is no Ã in font cmitt10!
Missing character: There is no ³ in font cmitt10!

Overfull \hbox (71.4825pt too wide) in paragraph at lines 5524--5524
[][]\OT1/cmtt/m/it/10 #### Gens que surten differencialment metilats que sn a l
a llista de trans ####[][] 
 []

Package color Info: Redefining color shadecolor on input line 5547.

Overfull \hbox (27.74675pt too wide) in paragraph at lines 5573--5573
[]\OT1/cmtt/m/n/10 ## [1] stats     graphics  grDevices utils     datasets  met
hods   base[] 
 []


Overfull \hbox (53.99652pt too wide) in paragraph at lines 5573--5573
[]\OT1/cmtt/m/n/10 ## [1] magrittr_1.5  tools_3.3.3   stringi_1.1.5 highr_0.6  
   stringr_1.2.0[] 
 []

[1

{/var/lib/texmf/fonts/map/pdftex/updmap/pdftex.map}]
(./trans_diff_compare.aux) ) 
Here is how much of TeX's memory you used:
 5283 strings out of 493029
 72511 string characters out of 6136234
 1452708 words of memory out of 5000000
 8772 multiletter control sequences out of 15000+600000
 4581 words of font info for 18 fonts, out of 8000000 for 9000
 1141 hyphenation exceptions out of 8191
 38i,5n,32p,318b,289s stack positions out of 5000i,500n,10000p,200000b,80000s
</usr/share/texlive/texmf-dist/fonts/type1/public/a
msfonts/cm/cmbx12.pfb></usr/share/texlive/texmf-dist/fonts/type1/public/amsfont
s/cm/cmitt10.pfb></usr/share/texlive/texmf-dist/fonts/type1/public/amsfonts/cm/
cmr10.pfb></usr/share/texlive/texmf-dist/fonts/type1/public/amsfonts/cm/cmsy10.
pfb></usr/share/texlive/texmf-dist/fonts/type1/public/amsfonts/cm/cmtt10.pfb>
Output written on trans_diff_compare.pdf (1 page, 113967 bytes).
PDF statistics:
 28 PDF objects out of 1000 (max. 8388607)
 19 compressed objects within 1 object stream
 0 named destinations out of 1000 (max. 500000)
 1 words of extra memory for PDF output out of 10000 (max. 10000000)

