This is pdfTeX, Version 3.14159265-2.6-1.40.16 (TeX Live 2015/Debian) (preloaded format=pdflatex 2017.3.10)  10 JUL 2017 12:45
entering extended mode
 restricted \write18 enabled.
 %&-line parsing enabled.
**Plot_fe.tex
(./Plot_fe.tex
LaTeX2e <2016/02/01>
Babel <3.9q> and hyphenation patterns for 81 language(s) loaded.
(/usr/share/texlive/texmf-dist/tex/latex/base/article.cls
Document Class: article 2014/09/29 v1.4h Standard LaTeX document class
(/usr/share/texlive/texmf-dist/tex/latex/base/size10.clo
File: size10.clo 2014/09/29 v1.4h Standard LaTeX file (size option)
)
\c@part=\count79
\c@section=\count80
\c@subsection=\count81
\c@subsubsection=\count82
\c@paragraph=\count83
\c@subparagraph=\count84
\c@figure=\count85
\c@table=\count86
\abovecaptionskip=\skip41
\belowcaptionskip=\skip42
\bibindent=\dimen102
)
(/usr/share/texlive/texmf-dist/tex/latex/graphics/graphicx.sty
Package: graphicx 2014/10/28 v1.0g Enhanced LaTeX Graphics (DPC,SPQR)

(/usr/share/texlive/texmf-dist/tex/latex/graphics/keyval.sty
Package: keyval 2014/10/28 v1.15 key=value parser (DPC)
\KV@toks@=\toks14
)
(/usr/share/texlive/texmf-dist/tex/latex/graphics/graphics.sty
Package: graphics 2016/01/03 v1.0q Standard LaTeX Graphics (DPC,SPQR)

(/usr/share/texlive/texmf-dist/tex/latex/graphics/trig.sty
Package: trig 2016/01/03 v1.10 sin cos tan (DPC)
)
(/usr/share/texlive/texmf-dist/tex/latex/latexconfig/graphics.cfg
File: graphics.cfg 2010/04/23 v1.9 graphics configuration of TeX Live
)
Package graphics Info: Driver file: pdftex.def on input line 95.

(/usr/share/texlive/texmf-dist/tex/latex/pdftex-def/pdftex.def
File: pdftex.def 2011/05/27 v0.06d Graphics/color for pdfTeX

(/usr/share/texlive/texmf-dist/tex/generic/oberdiek/infwarerr.sty
Package: infwarerr 2010/04/08 v1.3 Providing info/warning/error messages (HO)
)
(/usr/share/texlive/texmf-dist/tex/generic/oberdiek/ltxcmds.sty
Package: ltxcmds 2011/11/09 v1.22 LaTeX kernel commands for general use (HO)
)
\Gread@gobject=\count87
))
\Gin@req@height=\dimen103
\Gin@req@width=\dimen104
)
(/usr/share/texlive/texmf-dist/tex/latex/graphics/color.sty
Package: color 2016/01/03 v1.1b Standard LaTeX Color (DPC)

(/usr/share/texlive/texmf-dist/tex/latex/latexconfig/color.cfg
File: color.cfg 2007/01/18 v1.5 color configuration of teTeX/TeXLive
)
Package color Info: Driver file: pdftex.def on input line 143.
)
(/usr/share/texlive/texmf-dist/tex/latex/framed/framed.sty
Package: framed 2011/10/22 v 0.96: framed or shaded text with page breaks
\OuterFrameSep=\skip43
\fb@frw=\dimen105
\fb@frh=\dimen106
\FrameRule=\dimen107
\FrameSep=\dimen108
)
(/usr/share/texlive/texmf-dist/tex/latex/base/alltt.sty
Package: alltt 1997/06/16 v2.0g defines alltt environment
)
(/usr/share/texlive/texmf-dist/tex/latex/upquote/upquote.sty
Package: upquote 2012/04/19 v1.3 upright-quote and grave-accent glyphs in verba
tim
) (./Plot_fe.aux)
\openout1 = `Plot_fe.aux'.

LaTeX Font Info:    Checking defaults for OML/cmm/m/it on input line 53.
LaTeX Font Info:    ... okay on input line 53.
LaTeX Font Info:    Checking defaults for T1/cmr/m/n on input line 53.
LaTeX Font Info:    ... okay on input line 53.
LaTeX Font Info:    Checking defaults for OT1/cmr/m/n on input line 53.
LaTeX Font Info:    ... okay on input line 53.
LaTeX Font Info:    Checking defaults for OMS/cmsy/m/n on input line 53.
LaTeX Font Info:    ... okay on input line 53.
LaTeX Font Info:    Checking defaults for OMX/cmex/m/n on input line 53.
LaTeX Font Info:    ... okay on input line 53.
LaTeX Font Info:    Checking defaults for U/cmr/m/n on input line 53.
LaTeX Font Info:    ... okay on input line 53.

(/usr/share/texlive/texmf-dist/tex/context/base/supp-pdf.mkii
[Loading MPS to PDF converter (version 2006.09.02).]
\scratchcounter=\count88
\scratchdimen=\dimen109
\scratchbox=\box26
\nofMPsegments=\count89
\nofMParguments=\count90
\everyMPshowfont=\toks15
\MPscratchCnt=\count91
\MPscratchDim=\dimen110
\MPnumerator=\count92
\makeMPintoPDFobject=\count93
\everyMPtoPDFconversion=\toks16
) (/usr/share/texlive/texmf-dist/tex/generic/oberdiek/pdftexcmds.sty
Package: pdftexcmds 2011/11/29 v0.20 Utility functions of pdfTeX for LuaTeX (HO
)

(/usr/share/texlive/texmf-dist/tex/generic/oberdiek/ifluatex.sty
Package: ifluatex 2010/03/01 v1.3 Provides the ifluatex switch (HO)
Package ifluatex Info: LuaTeX not detected.
)
(/usr/share/texlive/texmf-dist/tex/generic/oberdiek/ifpdf.sty
Package: ifpdf 2011/01/30 v2.3 Provides the ifpdf switch (HO)
Package ifpdf Info: pdfTeX in PDF mode is detected.
)
Package pdftexcmds Info: LuaTeX not detected.
Package pdftexcmds Info: \pdf@primitive is available.
Package pdftexcmds Info: \pdf@ifprimitive is available.
Package pdftexcmds Info: \pdfdraftmode found.
)
(/usr/share/texlive/texmf-dist/tex/latex/oberdiek/epstopdf-base.sty
Package: epstopdf-base 2010/02/09 v2.5 Base part for package epstopdf

(/usr/share/texlive/texmf-dist/tex/latex/oberdiek/grfext.sty
Package: grfext 2010/08/19 v1.1 Manage graphics extensions (HO)

(/usr/share/texlive/texmf-dist/tex/generic/oberdiek/kvdefinekeys.sty
Package: kvdefinekeys 2011/04/07 v1.3 Define keys (HO)
))
(/usr/share/texlive/texmf-dist/tex/latex/oberdiek/kvoptions.sty
Package: kvoptions 2011/06/30 v3.11 Key value format for package options (HO)

(/usr/share/texlive/texmf-dist/tex/generic/oberdiek/kvsetkeys.sty
Package: kvsetkeys 2012/04/25 v1.16 Key value parser (HO)

(/usr/share/texlive/texmf-dist/tex/generic/oberdiek/etexcmds.sty
Package: etexcmds 2011/02/16 v1.5 Avoid name clashes with e-TeX commands (HO)
Package etexcmds Info: Could not find \expanded.
(etexcmds)             That can mean that you are not using pdfTeX 1.50 or
(etexcmds)             that some package has redefined \expanded.
(etexcmds)             In the latter case, load this package earlier.
)))
Package grfext Info: Graphics extension search list:
(grfext)             [.png,.pdf,.jpg,.mps,.jpeg,.jbig2,.jb2,.PNG,.PDF,.JPG,.JPE
G,.JBIG2,.JB2,.eps]
(grfext)             \AppendGraphicsExtensions on input line 452.

(/usr/share/texlive/texmf-dist/tex/latex/latexconfig/epstopdf-sys.cfg
File: epstopdf-sys.cfg 2010/07/13 v1.3 Configuration of (r)epstopdf for TeX Liv
e
))
Package color Info: Redefining color shadecolor on input line 57.
LaTeX Font Info:    Font shape `OT1/cmtt/bx/n' in size <10> not available
(Font)              Font shape `OT1/cmtt/m/n' tried instead on input line 59.
Package color Info: Redefining color shadecolor on input line 66.

Overfull \hbox (27.74675pt too wide) in paragraph at lines 68--68
[][]\OT1/cmtt/m/n/10 path[] []<-[] []"/home/lucas/ISGlobal/Chip_Seq/DATA/Aligns
/q5/Narrow_fe15/XLS/"[][] 
 []


Overfull \hbox (227.24501pt too wide) in paragraph at lines 69--69
[][]\OT1/cmtt/m/n/10 files[] []<-[] []list.files[][]([][]path[] []=[] []"/home/
lucas/ISGlobal/Chip_Seq/DATA/Aligns/q5/Narrow_fe15/XLS"[][],[] []pattern[] []=[
] []"*.xls"[][])[][] 
 []

LaTeX Font Info:    Try loading font information for OMS+cmtt on input line 71.

(/usr/share/R/share/texmf/tex/latex/omscmtt.fd
File: omscmtt.fd 
)
LaTeX Font Info:    Font shape `OMS/cmtt/m/n' in size <10> not available
(Font)              Font shape `OMS/cmsy/m/n' tried instead on input line 71.

Overfull \hbox (69.74638pt too wide) in paragraph at lines 72--72
[]  []\OT1/cmtt/m/n/10 peaks[] []<-[] []read.table[][]([][]paste0[][](path,file
),[] []header[] []=[] []TRUE[][],[] []fileEncoding[] []=[] []"UTF-8"[][])[][] 
 []


Overfull \hbox (473.99286pt too wide) in paragraph at lines 73--73
[]  []\OT1/cmtt/m/n/10 print[][]([][]qplot[][](peaks[][]$[][]fold_enrichment,[]
 []geom[][]=[][]"histogram"[][],[] []binwidth[] []=[] []0.1[][])[] []+[] []scal
e_x_continuous[][]([][]breaks[] []=[] []seq[][]([][]0[][],[][]max[][](peaks[][]
$[][]fold_enrichment),[][]0.5[][]))[] []+[] []ggtitle[][](file))[][] 
 []

<figure/unnamed-chunk-2-1.pdf, id=1, 505.89pt x 505.89pt>
File: figure/unnamed-chunk-2-1.pdf Graphic file (type pdf)

<use figure/unnamed-chunk-2-1.pdf>
Package pdftex.def Info: figure/unnamed-chunk-2-1.pdf used on input line 77.
(pdftex.def)             Requested size: 345.0pt x 345.00414pt.

Overfull \hbox (15.0pt too wide) in paragraph at lines 77--78
[][] 
 []

<figure/unnamed-chunk-2-2.pdf, id=2, 505.89pt x 505.89pt>
File: figure/unnamed-chunk-2-2.pdf Graphic file (type pdf)

<use figure/unnamed-chunk-2-2.pdf>
Package pdftex.def Info: figure/unnamed-chunk-2-2.pdf used on input line 79.
(pdftex.def)             Requested size: 345.0pt x 345.00414pt.

Overfull \hbox (15.0pt too wide) in paragraph at lines 79--80
[][] 
 []

<figure/unnamed-chunk-2-3.pdf, id=3, 505.89pt x 505.89pt> [1

{/var/lib/texmf/fonts/map/pdftex/updmap/pdftex.map} <./figure/unnamed-chunk-2-1
.pdf>]
File: figure/unnamed-chunk-2-3.pdf Graphic file (type pdf)

<use figure/unnamed-chunk-2-3.pdf>
Package pdftex.def Info: figure/unnamed-chunk-2-3.pdf used on input line 81.
(pdftex.def)             Requested size: 345.0pt x 345.00414pt.

Overfull \hbox (15.0pt too wide) in paragraph at lines 81--82
[][] 
 []

<figure/unnamed-chunk-2-4.pdf, id=17, 505.89pt x 505.89pt> [2 <./figure/unnamed
-chunk-2-2.pdf>]
File: figure/unnamed-chunk-2-4.pdf Graphic file (type pdf)
 <use figure/unnamed-chunk-2-4.pdf>
Package pdftex.def Info: figure/unnamed-chunk-2-4.pdf used on input line 83.
(pdftex.def)             Requested size: 345.0pt x 345.00414pt.

Overfull \hbox (15.0pt too wide) in paragraph at lines 83--84
[][] 
 []

<figure/unnamed-chunk-2-5.pdf, id=26, 505.89pt x 505.89pt> [3 <./figure/unnamed
-chunk-2-3.pdf>]
File: figure/unnamed-chunk-2-5.pdf Graphic file (type pdf)
 <use figure/unnamed-chunk-2-5.pdf>
Package pdftex.def Info: figure/unnamed-chunk-2-5.pdf used on input line 85.
(pdftex.def)             Requested size: 345.0pt x 345.00414pt.

Overfull \hbox (15.0pt too wide) in paragraph at lines 85--86
[][] 
 []

<figure/unnamed-chunk-2-6.pdf, id=35, 505.89pt x 505.89pt> [4 <./figure/unnamed
-chunk-2-4.pdf>]
File: figure/unnamed-chunk-2-6.pdf Graphic file (type pdf)
 <use figure/unnamed-chunk-2-6.pdf>
Package pdftex.def Info: figure/unnamed-chunk-2-6.pdf used on input line 87.
(pdftex.def)             Requested size: 345.0pt x 345.00414pt.

Overfull \hbox (15.0pt too wide) in paragraph at lines 87--88
[][] 
 []

<figure/unnamed-chunk-2-7.pdf, id=44, 505.89pt x 505.89pt> [5 <./figure/unnamed
-chunk-2-5.pdf>]
File: figure/unnamed-chunk-2-7.pdf Graphic file (type pdf)
 <use figure/unnamed-chunk-2-7.pdf>
Package pdftex.def Info: figure/unnamed-chunk-2-7.pdf used on input line 89.
(pdftex.def)             Requested size: 345.0pt x 345.00414pt.

Overfull \hbox (15.0pt too wide) in paragraph at lines 89--90
[][] 
 []

<figure/unnamed-chunk-2-8.pdf, id=53, 505.89pt x 505.89pt> [6 <./figure/unnamed
-chunk-2-6.pdf>]
File: figure/unnamed-chunk-2-8.pdf Graphic file (type pdf)
 <use figure/unnamed-chunk-2-8.pdf>
Package pdftex.def Info: figure/unnamed-chunk-2-8.pdf used on input line 91.
(pdftex.def)             Requested size: 345.0pt x 345.00414pt.

Overfull \hbox (15.0pt too wide) in paragraph at lines 91--92
[][] 
 []

<figure/unnamed-chunk-2-9.pdf, id=62, 505.89pt x 505.89pt> [7 <./figure/unnamed
-chunk-2-7.pdf>]
File: figure/unnamed-chunk-2-9.pdf Graphic file (type pdf)
 <use figure/unnamed-chunk-2-9.pdf>
Package pdftex.def Info: figure/unnamed-chunk-2-9.pdf used on input line 93.
(pdftex.def)             Requested size: 345.0pt x 345.00414pt.

Overfull \hbox (15.0pt too wide) in paragraph at lines 93--94
[][] 
 []

<figure/unnamed-chunk-2-10.pdf, id=72, 505.89pt x 505.89pt> [8 <./figure/unname
d-chunk-2-8.pdf>]
File: figure/unnamed-chunk-2-10.pdf Graphic file (type pdf)
 <use figure/unnamed-chunk-2-10.pdf>
Package pdftex.def Info: figure/unnamed-chunk-2-10.pdf used on input line 95.
(pdftex.def)             Requested size: 345.0pt x 345.00414pt.

Overfull \hbox (15.0pt too wide) in paragraph at lines 95--96
[][] 
 []

<figure/unnamed-chunk-2-11.pdf, id=81, 505.89pt x 505.89pt> [9 <./figure/unname
d-chunk-2-9.pdf>]
File: figure/unnamed-chunk-2-11.pdf Graphic file (type pdf)
 <use figure/unnamed-chunk-2-11.pdf>
Package pdftex.def Info: figure/unnamed-chunk-2-11.pdf used on input line 97.
(pdftex.def)             Requested size: 345.0pt x 345.00414pt.

Overfull \hbox (15.0pt too wide) in paragraph at lines 97--98
[][] 
 []

<figure/unnamed-chunk-2-12.pdf, id=90, 505.89pt x 505.89pt> [10 <./figure/unnam
ed-chunk-2-10.pdf>]
File: figure/unnamed-chunk-2-12.pdf Graphic file (type pdf)
 <use figure/unnamed-chunk-2-12.pdf>
Package pdftex.def Info: figure/unnamed-chunk-2-12.pdf used on input line 99.
(pdftex.def)             Requested size: 345.0pt x 345.00414pt.

Overfull \hbox (15.0pt too wide) in paragraph at lines 99--100
[][] 
 []

<figure/unnamed-chunk-2-13.pdf, id=99, 505.89pt x 505.89pt> [11 <./figure/unnam
ed-chunk-2-11.pdf>]
File: figure/unnamed-chunk-2-13.pdf Graphic file (type pdf)
 <use figure/unnamed-chunk-2-13.pdf>
Package pdftex.def Info: figure/unnamed-chunk-2-13.pdf used on input line 101.
(pdftex.def)             Requested size: 345.0pt x 345.00414pt.

Overfull \hbox (15.0pt too wide) in paragraph at lines 101--102
[][] 
 []

<figure/unnamed-chunk-2-14.pdf, id=108, 505.89pt x 505.89pt> [12 <./figure/unna
med-chunk-2-12.pdf>]
File: figure/unnamed-chunk-2-14.pdf Graphic file (type pdf)
 <use figure/unnamed-chunk-2-14.pdf>
Package pdftex.def Info: figure/unnamed-chunk-2-14.pdf used on input line 103.
(pdftex.def)             Requested size: 345.0pt x 345.00414pt.

Overfull \hbox (15.0pt too wide) in paragraph at lines 103--104
[][] 
 []

<figure/unnamed-chunk-2-15.pdf, id=117, 505.89pt x 505.89pt> [13 <./figure/unna
med-chunk-2-13.pdf>]
File: figure/unnamed-chunk-2-15.pdf Graphic file (type pdf)
 <use figure/unnamed-chunk-2-15.pdf>
Package pdftex.def Info: figure/unnamed-chunk-2-15.pdf used on input line 105.
(pdftex.def)             Requested size: 345.0pt x 345.00414pt.

Overfull \hbox (15.0pt too wide) in paragraph at lines 105--106
[][] 
 []

<figure/unnamed-chunk-2-16.pdf, id=127, 505.89pt x 505.89pt> [14 <./figure/unna
med-chunk-2-14.pdf>]
File: figure/unnamed-chunk-2-16.pdf Graphic file (type pdf)
 <use figure/unnamed-chunk-2-16.pdf>
Package pdftex.def Info: figure/unnamed-chunk-2-16.pdf used on input line 107.
(pdftex.def)             Requested size: 345.0pt x 345.00414pt.

Overfull \hbox (15.0pt too wide) in paragraph at lines 107--108
[][] 
 []

<figure/unnamed-chunk-2-17.pdf, id=136, 505.89pt x 505.89pt> [15 <./figure/unna
med-chunk-2-15.pdf>]
File: figure/unnamed-chunk-2-17.pdf Graphic file (type pdf)
 <use figure/unnamed-chunk-2-17.pdf>
Package pdftex.def Info: figure/unnamed-chunk-2-17.pdf used on input line 109.
(pdftex.def)             Requested size: 345.0pt x 345.00414pt.

Overfull \hbox (15.0pt too wide) in paragraph at lines 109--110
[][] 
 []

<figure/unnamed-chunk-2-18.pdf, id=145, 505.89pt x 505.89pt> [16 <./figure/unna
med-chunk-2-16.pdf>]
File: figure/unnamed-chunk-2-18.pdf Graphic file (type pdf)
 <use figure/unnamed-chunk-2-18.pdf>
Package pdftex.def Info: figure/unnamed-chunk-2-18.pdf used on input line 111.
(pdftex.def)             Requested size: 345.0pt x 345.00414pt.

Overfull \hbox (15.0pt too wide) in paragraph at lines 111--112
[][] 
 []

<figure/unnamed-chunk-2-19.pdf, id=154, 505.89pt x 505.89pt> [17 <./figure/unna
med-chunk-2-17.pdf>]
File: figure/unnamed-chunk-2-19.pdf Graphic file (type pdf)
 <use figure/unnamed-chunk-2-19.pdf>
Package pdftex.def Info: figure/unnamed-chunk-2-19.pdf used on input line 113.
(pdftex.def)             Requested size: 345.0pt x 345.00414pt.

Overfull \hbox (15.0pt too wide) in paragraph at lines 113--114
[][] 
 []

<figure/unnamed-chunk-2-20.pdf, id=164, 505.89pt x 505.89pt> [18 <./figure/unna
med-chunk-2-18.pdf>]
File: figure/unnamed-chunk-2-20.pdf Graphic file (type pdf)
 <use figure/unnamed-chunk-2-20.pdf>
Package pdftex.def Info: figure/unnamed-chunk-2-20.pdf used on input line 115.
(pdftex.def)             Requested size: 345.0pt x 345.00414pt.

Overfull \hbox (15.0pt too wide) in paragraph at lines 115--116
[][] 
 []

<figure/unnamed-chunk-2-21.pdf, id=173, 505.89pt x 505.89pt> [19 <./figure/unna
med-chunk-2-19.pdf>]
File: figure/unnamed-chunk-2-21.pdf Graphic file (type pdf)
 <use figure/unnamed-chunk-2-21.pdf>
Package pdftex.def Info: figure/unnamed-chunk-2-21.pdf used on input line 117.
(pdftex.def)             Requested size: 345.0pt x 345.00414pt.

Overfull \hbox (15.0pt too wide) in paragraph at lines 117--118
[][] 
 []

<figure/unnamed-chunk-2-22.pdf, id=183, 505.89pt x 505.89pt> [20 <./figure/unna
med-chunk-2-20.pdf>]
File: figure/unnamed-chunk-2-22.pdf Graphic file (type pdf)
 <use figure/unnamed-chunk-2-22.pdf>
Package pdftex.def Info: figure/unnamed-chunk-2-22.pdf used on input line 119.
(pdftex.def)             Requested size: 345.0pt x 345.00414pt.

Overfull \hbox (15.0pt too wide) in paragraph at lines 119--120
[][] 
 []

[21 <./figure/unnamed-chunk-2-21.pdf>] [22 <./figure/unnamed-chunk-2-22.pdf>]
(./Plot_fe.aux) ) 
Here is how much of TeX's memory you used:
 1731 strings out of 493029
 26721 string characters out of 6136234
 82690 words of memory out of 5000000
 5244 multiletter control sequences out of 15000+600000
 3808 words of font info for 15 fonts, out of 8000000 for 9000
 1141 hyphenation exceptions out of 8191
 38i,6n,23p,443b,278s stack positions out of 5000i,500n,10000p,200000b,80000s
</usr/share/texlive/texmf-dist/fonts/type1/public/amsfonts/cm/
cmr10.pfb></usr/share/texlive/texmf-dist/fonts/type1/public/amsfonts/cm/cmsy10.
pfb></usr/share/texlive/texmf-dist/fonts/type1/public/amsfonts/cm/cmtt10.pfb>
Output written on Plot_fe.pdf (22 pages, 165257 bytes).
PDF statistics:
 220 PDF objects out of 1000 (max. 8388607)
 147 compressed objects within 2 object streams
 0 named destinations out of 1000 (max. 500000)
 111 words of extra memory for PDF output out of 10000 (max. 10000000)

