This is pdfTeX, Version 3.14159265-2.6-1.40.16 (TeX Live 2015/Debian) (preloaded format=pdflatex 2018.10.13)  5 FEB 2019 16:06
entering extended mode
 restricted \write18 enabled.
 %&-line parsing enabled.
**arrays_Eli_imputed_plots2.tex
(./arrays_Eli_imputed_plots2.tex
LaTeX2e <2016/02/01>
Babel <3.9q> and hyphenation patterns for 81 language(s) loaded.
(/usr/share/texlive/texmf-dist/tex/latex/base/article.cls
Document Class: article 2014/09/29 v1.4h Standard LaTeX document class
(/usr/share/texlive/texmf-dist/tex/latex/base/size10.clo
File: size10.clo 2014/09/29 v1.4h Standard LaTeX file (size option)
)
\c@part=\count79
\c@section=\count80
\c@subsection=\count81
\c@subsubsection=\count82
\c@paragraph=\count83
\c@subparagraph=\count84
\c@figure=\count85
\c@table=\count86
\abovecaptionskip=\skip41
\belowcaptionskip=\skip42
\bibindent=\dimen102
)
(/usr/share/texlive/texmf-dist/tex/latex/graphics/graphicx.sty
Package: graphicx 2014/10/28 v1.0g Enhanced LaTeX Graphics (DPC,SPQR)

(/usr/share/texlive/texmf-dist/tex/latex/graphics/keyval.sty
Package: keyval 2014/10/28 v1.15 key=value parser (DPC)
\KV@toks@=\toks14
)
(/usr/share/texlive/texmf-dist/tex/latex/graphics/graphics.sty
Package: graphics 2016/01/03 v1.0q Standard LaTeX Graphics (DPC,SPQR)

(/usr/share/texlive/texmf-dist/tex/latex/graphics/trig.sty
Package: trig 2016/01/03 v1.10 sin cos tan (DPC)
)
(/usr/share/texlive/texmf-dist/tex/latex/latexconfig/graphics.cfg
File: graphics.cfg 2010/04/23 v1.9 graphics configuration of TeX Live
)
Package graphics Info: Driver file: pdftex.def on input line 95.

(/usr/share/texlive/texmf-dist/tex/latex/pdftex-def/pdftex.def
File: pdftex.def 2011/05/27 v0.06d Graphics/color for pdfTeX

(/usr/share/texlive/texmf-dist/tex/generic/oberdiek/infwarerr.sty
Package: infwarerr 2010/04/08 v1.3 Providing info/warning/error messages (HO)
)
(/usr/share/texlive/texmf-dist/tex/generic/oberdiek/ltxcmds.sty
Package: ltxcmds 2011/11/09 v1.22 LaTeX kernel commands for general use (HO)
)
\Gread@gobject=\count87
))
\Gin@req@height=\dimen103
\Gin@req@width=\dimen104
)
(/usr/share/texlive/texmf-dist/tex/latex/graphics/color.sty
Package: color 2016/01/03 v1.1b Standard LaTeX Color (DPC)

(/usr/share/texlive/texmf-dist/tex/latex/latexconfig/color.cfg
File: color.cfg 2007/01/18 v1.5 color configuration of teTeX/TeXLive
)
Package color Info: Driver file: pdftex.def on input line 143.
)
(/usr/share/texlive/texmf-dist/tex/latex/framed/framed.sty
Package: framed 2011/10/22 v 0.96: framed or shaded text with page breaks
\OuterFrameSep=\skip43
\fb@frw=\dimen105
\fb@frh=\dimen106
\FrameRule=\dimen107
\FrameSep=\dimen108
)
(/usr/share/texlive/texmf-dist/tex/latex/base/alltt.sty
Package: alltt 1997/06/16 v2.0g defines alltt environment
)
(/usr/share/texlive/texmf-dist/tex/latex/base/inputenc.sty
Package: inputenc 2015/03/17 v1.2c Input encoding file
\inpenc@prehook=\toks15
\inpenc@posthook=\toks16

(/usr/share/texlive/texmf-dist/tex/latex/base/utf8.def
File: utf8.def 2015/12/03 v1.1r UTF-8 support for inputenc
Now handling font encoding OML ...
... no UTF-8 mapping file for font encoding OML
Now handling font encoding T1 ...
... processing UTF-8 mapping file for font encoding T1

(/usr/share/texlive/texmf-dist/tex/latex/base/t1enc.dfu
File: t1enc.dfu 2015/12/03 v1.1r UTF-8 support for inputenc
   defining Unicode char U+00A0 (decimal 160)
   defining Unicode char U+00A1 (decimal 161)
   defining Unicode char U+00A3 (decimal 163)
   defining Unicode char U+00AB (decimal 171)
   defining Unicode char U+00AD (decimal 173)
   defining Unicode char U+00BB (decimal 187)
   defining Unicode char U+00BF (decimal 191)
   defining Unicode char U+00C0 (decimal 192)
   defining Unicode char U+00C1 (decimal 193)
   defining Unicode char U+00C2 (decimal 194)
   defining Unicode char U+00C3 (decimal 195)
   defining Unicode char U+00C4 (decimal 196)
   defining Unicode char U+00C5 (decimal 197)
   defining Unicode char U+00C6 (decimal 198)
   defining Unicode char U+00C7 (decimal 199)
   defining Unicode char U+00C8 (decimal 200)
   defining Unicode char U+00C9 (decimal 201)
   defining Unicode char U+00CA (decimal 202)
   defining Unicode char U+00CB (decimal 203)
   defining Unicode char U+00CC (decimal 204)
   defining Unicode char U+00CD (decimal 205)
   defining Unicode char U+00CE (decimal 206)
   defining Unicode char U+00CF (decimal 207)
   defining Unicode char U+00D0 (decimal 208)
   defining Unicode char U+00D1 (decimal 209)
   defining Unicode char U+00D2 (decimal 210)
   defining Unicode char U+00D3 (decimal 211)
   defining Unicode char U+00D4 (decimal 212)
   defining Unicode char U+00D5 (decimal 213)
   defining Unicode char U+00D6 (decimal 214)
   defining Unicode char U+00D8 (decimal 216)
   defining Unicode char U+00D9 (decimal 217)
   defining Unicode char U+00DA (decimal 218)
   defining Unicode char U+00DB (decimal 219)
   defining Unicode char U+00DC (decimal 220)
   defining Unicode char U+00DD (decimal 221)
   defining Unicode char U+00DE (decimal 222)
   defining Unicode char U+00DF (decimal 223)
   defining Unicode char U+00E0 (decimal 224)
   defining Unicode char U+00E1 (decimal 225)
   defining Unicode char U+00E2 (decimal 226)
   defining Unicode char U+00E3 (decimal 227)
   defining Unicode char U+00E4 (decimal 228)
   defining Unicode char U+00E5 (decimal 229)
   defining Unicode char U+00E6 (decimal 230)
   defining Unicode char U+00E7 (decimal 231)
   defining Unicode char U+00E8 (decimal 232)
   defining Unicode char U+00E9 (decimal 233)
   defining Unicode char U+00EA (decimal 234)
   defining Unicode char U+00EB (decimal 235)
   defining Unicode char U+00EC (decimal 236)
   defining Unicode char U+00ED (decimal 237)
   defining Unicode char U+00EE (decimal 238)
   defining Unicode char U+00EF (decimal 239)
   defining Unicode char U+00F0 (decimal 240)
   defining Unicode char U+00F1 (decimal 241)
   defining Unicode char U+00F2 (decimal 242)
   defining Unicode char U+00F3 (decimal 243)
   defining Unicode char U+00F4 (decimal 244)
   defining Unicode char U+00F5 (decimal 245)
   defining Unicode char U+00F6 (decimal 246)
   defining Unicode char U+00F8 (decimal 248)
   defining Unicode char U+00F9 (decimal 249)
   defining Unicode char U+00FA (decimal 250)
   defining Unicode char U+00FB (decimal 251)
   defining Unicode char U+00FC (decimal 252)
   defining Unicode char U+00FD (decimal 253)
   defining Unicode char U+00FE (decimal 254)
   defining Unicode char U+00FF (decimal 255)
   defining Unicode char U+0100 (decimal 256)
   defining Unicode char U+0101 (decimal 257)
   defining Unicode char U+0102 (decimal 258)
   defining Unicode char U+0103 (decimal 259)
   defining Unicode char U+0104 (decimal 260)
   defining Unicode char U+0105 (decimal 261)
   defining Unicode char U+0106 (decimal 262)
   defining Unicode char U+0107 (decimal 263)
   defining Unicode char U+0108 (decimal 264)
   defining Unicode char U+0109 (decimal 265)
   defining Unicode char U+010A (decimal 266)
   defining Unicode char U+010B (decimal 267)
   defining Unicode char U+010C (decimal 268)
   defining Unicode char U+010D (decimal 269)
   defining Unicode char U+010E (decimal 270)
   defining Unicode char U+010F (decimal 271)
   defining Unicode char U+0110 (decimal 272)
   defining Unicode char U+0111 (decimal 273)
   defining Unicode char U+0112 (decimal 274)
   defining Unicode char U+0113 (decimal 275)
   defining Unicode char U+0114 (decimal 276)
   defining Unicode char U+0115 (decimal 277)
   defining Unicode char U+0116 (decimal 278)
   defining Unicode char U+0117 (decimal 279)
   defining Unicode char U+0118 (decimal 280)
   defining Unicode char U+0119 (decimal 281)
   defining Unicode char U+011A (decimal 282)
   defining Unicode char U+011B (decimal 283)
   defining Unicode char U+011C (decimal 284)
   defining Unicode char U+011D (decimal 285)
   defining Unicode char U+011E (decimal 286)
   defining Unicode char U+011F (decimal 287)
   defining Unicode char U+0120 (decimal 288)
   defining Unicode char U+0121 (decimal 289)
   defining Unicode char U+0122 (decimal 290)
   defining Unicode char U+0123 (decimal 291)
   defining Unicode char U+0124 (decimal 292)
   defining Unicode char U+0125 (decimal 293)
   defining Unicode char U+0128 (decimal 296)
   defining Unicode char U+0129 (decimal 297)
   defining Unicode char U+012A (decimal 298)
   defining Unicode char U+012B (decimal 299)
   defining Unicode char U+012C (decimal 300)
   defining Unicode char U+012D (decimal 301)
   defining Unicode char U+012E (decimal 302)
   defining Unicode char U+012F (decimal 303)
   defining Unicode char U+0130 (decimal 304)
   defining Unicode char U+0131 (decimal 305)
   defining Unicode char U+0132 (decimal 306)
   defining Unicode char U+0133 (decimal 307)
   defining Unicode char U+0134 (decimal 308)
   defining Unicode char U+0135 (decimal 309)
   defining Unicode char U+0136 (decimal 310)
   defining Unicode char U+0137 (decimal 311)
   defining Unicode char U+0139 (decimal 313)
   defining Unicode char U+013A (decimal 314)
   defining Unicode char U+013B (decimal 315)
   defining Unicode char U+013C (decimal 316)
   defining Unicode char U+013D (decimal 317)
   defining Unicode char U+013E (decimal 318)
   defining Unicode char U+0141 (decimal 321)
   defining Unicode char U+0142 (decimal 322)
   defining Unicode char U+0143 (decimal 323)
   defining Unicode char U+0144 (decimal 324)
   defining Unicode char U+0145 (decimal 325)
   defining Unicode char U+0146 (decimal 326)
   defining Unicode char U+0147 (decimal 327)
   defining Unicode char U+0148 (decimal 328)
   defining Unicode char U+014A (decimal 330)
   defining Unicode char U+014B (decimal 331)
   defining Unicode char U+014C (decimal 332)
   defining Unicode char U+014D (decimal 333)
   defining Unicode char U+014E (decimal 334)
   defining Unicode char U+014F (decimal 335)
   defining Unicode char U+0150 (decimal 336)
   defining Unicode char U+0151 (decimal 337)
   defining Unicode char U+0152 (decimal 338)
   defining Unicode char U+0153 (decimal 339)
   defining Unicode char U+0154 (decimal 340)
   defining Unicode char U+0155 (decimal 341)
   defining Unicode char U+0156 (decimal 342)
   defining Unicode char U+0157 (decimal 343)
   defining Unicode char U+0158 (decimal 344)
   defining Unicode char U+0159 (decimal 345)
   defining Unicode char U+015A (decimal 346)
   defining Unicode char U+015B (decimal 347)
   defining Unicode char U+015C (decimal 348)
   defining Unicode char U+015D (decimal 349)
   defining Unicode char U+015E (decimal 350)
   defining Unicode char U+015F (decimal 351)
   defining Unicode char U+0160 (decimal 352)
   defining Unicode char U+0161 (decimal 353)
   defining Unicode char U+0162 (decimal 354)
   defining Unicode char U+0163 (decimal 355)
   defining Unicode char U+0164 (decimal 356)
   defining Unicode char U+0165 (decimal 357)
   defining Unicode char U+0168 (decimal 360)
   defining Unicode char U+0169 (decimal 361)
   defining Unicode char U+016A (decimal 362)
   defining Unicode char U+016B (decimal 363)
   defining Unicode char U+016C (decimal 364)
   defining Unicode char U+016D (decimal 365)
   defining Unicode char U+016E (decimal 366)
   defining Unicode char U+016F (decimal 367)
   defining Unicode char U+0170 (decimal 368)
   defining Unicode char U+0171 (decimal 369)
   defining Unicode char U+0172 (decimal 370)
   defining Unicode char U+0173 (decimal 371)
   defining Unicode char U+0174 (decimal 372)
   defining Unicode char U+0175 (decimal 373)
   defining Unicode char U+0176 (decimal 374)
   defining Unicode char U+0177 (decimal 375)
   defining Unicode char U+0178 (decimal 376)
   defining Unicode char U+0179 (decimal 377)
   defining Unicode char U+017A (decimal 378)
   defining Unicode char U+017B (decimal 379)
   defining Unicode char U+017C (decimal 380)
   defining Unicode char U+017D (decimal 381)
   defining Unicode char U+017E (decimal 382)
   defining Unicode char U+01CD (decimal 461)
   defining Unicode char U+01CE (decimal 462)
   defining Unicode char U+01CF (decimal 463)
   defining Unicode char U+01D0 (decimal 464)
   defining Unicode char U+01D1 (decimal 465)
   defining Unicode char U+01D2 (decimal 466)
   defining Unicode char U+01D3 (decimal 467)
   defining Unicode char U+01D4 (decimal 468)
   defining Unicode char U+01E2 (decimal 482)
   defining Unicode char U+01E3 (decimal 483)
   defining Unicode char U+01E6 (decimal 486)
   defining Unicode char U+01E7 (decimal 487)
   defining Unicode char U+01E8 (decimal 488)
   defining Unicode char U+01E9 (decimal 489)
   defining Unicode char U+01EA (decimal 490)
   defining Unicode char U+01EB (decimal 491)
   defining Unicode char U+01F0 (decimal 496)
   defining Unicode char U+01F4 (decimal 500)
   defining Unicode char U+01F5 (decimal 501)
   defining Unicode char U+0218 (decimal 536)
   defining Unicode char U+0219 (decimal 537)
   defining Unicode char U+021A (decimal 538)
   defining Unicode char U+021B (decimal 539)
   defining Unicode char U+01E02 (decimal 7682)
   defining Unicode char U+01E03 (decimal 7683)
   defining Unicode char U+200C (decimal 8204)
   defining Unicode char U+2013 (decimal 8211)
   defining Unicode char U+2014 (decimal 8212)
   defining Unicode char U+2018 (decimal 8216)
   defining Unicode char U+2019 (decimal 8217)
   defining Unicode char U+201A (decimal 8218)
   defining Unicode char U+201C (decimal 8220)
   defining Unicode char U+201D (decimal 8221)
   defining Unicode char U+201E (decimal 8222)
   defining Unicode char U+2030 (decimal 8240)
   defining Unicode char U+2031 (decimal 8241)
   defining Unicode char U+2039 (decimal 8249)
   defining Unicode char U+203A (decimal 8250)
   defining Unicode char U+2423 (decimal 9251)
)
Now handling font encoding OT1 ...
... processing UTF-8 mapping file for font encoding OT1

(/usr/share/texlive/texmf-dist/tex/latex/base/ot1enc.dfu
File: ot1enc.dfu 2015/12/03 v1.1r UTF-8 support for inputenc
   defining Unicode char U+00A0 (decimal 160)
   defining Unicode char U+00A1 (decimal 161)
   defining Unicode char U+00A3 (decimal 163)
   defining Unicode char U+00AD (decimal 173)
   defining Unicode char U+00B8 (decimal 184)
   defining Unicode char U+00BF (decimal 191)
   defining Unicode char U+00C5 (decimal 197)
   defining Unicode char U+00C6 (decimal 198)
   defining Unicode char U+00D8 (decimal 216)
   defining Unicode char U+00DF (decimal 223)
   defining Unicode char U+00E6 (decimal 230)
   defining Unicode char U+00EC (decimal 236)
   defining Unicode char U+00ED (decimal 237)
   defining Unicode char U+00EE (decimal 238)
   defining Unicode char U+00EF (decimal 239)
   defining Unicode char U+00F8 (decimal 248)
   defining Unicode char U+0131 (decimal 305)
   defining Unicode char U+0141 (decimal 321)
   defining Unicode char U+0142 (decimal 322)
   defining Unicode char U+0152 (decimal 338)
   defining Unicode char U+0153 (decimal 339)
   defining Unicode char U+0174 (decimal 372)
   defining Unicode char U+0175 (decimal 373)
   defining Unicode char U+0176 (decimal 374)
   defining Unicode char U+0177 (decimal 375)
   defining Unicode char U+0218 (decimal 536)
   defining Unicode char U+0219 (decimal 537)
   defining Unicode char U+021A (decimal 538)
   defining Unicode char U+021B (decimal 539)
   defining Unicode char U+2013 (decimal 8211)
   defining Unicode char U+2014 (decimal 8212)
   defining Unicode char U+2018 (decimal 8216)
   defining Unicode char U+2019 (decimal 8217)
   defining Unicode char U+201C (decimal 8220)
   defining Unicode char U+201D (decimal 8221)
)
Now handling font encoding OMS ...
... processing UTF-8 mapping file for font encoding OMS

(/usr/share/texlive/texmf-dist/tex/latex/base/omsenc.dfu
File: omsenc.dfu 2015/12/03 v1.1r UTF-8 support for inputenc
   defining Unicode char U+00A7 (decimal 167)
   defining Unicode char U+00B6 (decimal 182)
   defining Unicode char U+00B7 (decimal 183)
   defining Unicode char U+2020 (decimal 8224)
   defining Unicode char U+2021 (decimal 8225)
   defining Unicode char U+2022 (decimal 8226)
)
Now handling font encoding OMX ...
... no UTF-8 mapping file for font encoding OMX
Now handling font encoding U ...
... no UTF-8 mapping file for font encoding U
   defining Unicode char U+00A9 (decimal 169)
   defining Unicode char U+00AA (decimal 170)
   defining Unicode char U+00AE (decimal 174)
   defining Unicode char U+00BA (decimal 186)
   defining Unicode char U+02C6 (decimal 710)
   defining Unicode char U+02DC (decimal 732)
   defining Unicode char U+200C (decimal 8204)
   defining Unicode char U+2026 (decimal 8230)
   defining Unicode char U+2122 (decimal 8482)
   defining Unicode char U+2423 (decimal 9251)
))
(/usr/share/texlive/texmf-dist/tex/latex/hyperref/hyperref.sty
Package: hyperref 2012/11/06 v6.83m Hypertext links for LaTeX

(/usr/share/texlive/texmf-dist/tex/generic/oberdiek/hobsub-hyperref.sty
Package: hobsub-hyperref 2012/05/28 v1.13 Bundle oberdiek, subset hyperref (HO)


(/usr/share/texlive/texmf-dist/tex/generic/oberdiek/hobsub-generic.sty
Package: hobsub-generic 2012/05/28 v1.13 Bundle oberdiek, subset generic (HO)
Package: hobsub 2012/05/28 v1.13 Construct package bundles (HO)
Package hobsub Info: Skipping package `infwarerr' (already loaded).
Package hobsub Info: Skipping package `ltxcmds' (already loaded).
Package: ifluatex 2010/03/01 v1.3 Provides the ifluatex switch (HO)
Package ifluatex Info: LuaTeX not detected.
Package: ifvtex 2010/03/01 v1.5 Detect VTeX and its facilities (HO)
Package ifvtex Info: VTeX not detected.
Package: intcalc 2007/09/27 v1.1 Expandable calculations with integers (HO)
Package: ifpdf 2011/01/30 v2.3 Provides the ifpdf switch (HO)
Package ifpdf Info: pdfTeX in PDF mode is detected.
Package: etexcmds 2011/02/16 v1.5 Avoid name clashes with e-TeX commands (HO)
Package etexcmds Info: Could not find \expanded.
(etexcmds)             That can mean that you are not using pdfTeX 1.50 or
(etexcmds)             that some package has redefined \expanded.
(etexcmds)             In the latter case, load this package earlier.
Package: kvsetkeys 2012/04/25 v1.16 Key value parser (HO)
Package: kvdefinekeys 2011/04/07 v1.3 Define keys (HO)
Package: pdftexcmds 2011/11/29 v0.20 Utility functions of pdfTeX for LuaTeX (HO
)
Package pdftexcmds Info: LuaTeX not detected.
Package pdftexcmds Info: \pdf@primitive is available.
Package pdftexcmds Info: \pdf@ifprimitive is available.
Package pdftexcmds Info: \pdfdraftmode found.
Package: pdfescape 2011/11/25 v1.13 Implements pdfTeX's escape features (HO)
Package: bigintcalc 2012/04/08 v1.3 Expandable calculations on big integers (HO
)
Package: bitset 2011/01/30 v1.1 Handle bit-vector datatype (HO)
Package: uniquecounter 2011/01/30 v1.2 Provide unlimited unique counter (HO)
)
Package hobsub Info: Skipping package `hobsub' (already loaded).
Package: letltxmacro 2010/09/02 v1.4 Let assignment for LaTeX macros (HO)
Package: hopatch 2012/05/28 v1.2 Wrapper for package hooks (HO)
Package: xcolor-patch 2011/01/30 xcolor patch
Package: atveryend 2011/06/30 v1.8 Hooks at the very end of document (HO)
Package atveryend Info: \enddocument detected (standard20110627).
Package: atbegshi 2011/10/05 v1.16 At begin shipout hook (HO)
Package: refcount 2011/10/16 v3.4 Data extraction from label references (HO)
Package: hycolor 2011/01/30 v1.7 Color options for hyperref/bookmark (HO)
)
(/usr/share/texlive/texmf-dist/tex/generic/ifxetex/ifxetex.sty
Package: ifxetex 2010/09/12 v0.6 Provides ifxetex conditional
)
(/usr/share/texlive/texmf-dist/tex/latex/oberdiek/auxhook.sty
Package: auxhook 2011/03/04 v1.3 Hooks for auxiliary files (HO)
)
(/usr/share/texlive/texmf-dist/tex/latex/oberdiek/kvoptions.sty
Package: kvoptions 2011/06/30 v3.11 Key value format for package options (HO)
)
\@linkdim=\dimen109
\Hy@linkcounter=\count88
\Hy@pagecounter=\count89

(/usr/share/texlive/texmf-dist/tex/latex/hyperref/pd1enc.def
File: pd1enc.def 2012/11/06 v6.83m Hyperref: PDFDocEncoding definition (HO)
Now handling font encoding PD1 ...
... no UTF-8 mapping file for font encoding PD1
)
\Hy@SavedSpaceFactor=\count90

(/usr/share/texlive/texmf-dist/tex/latex/latexconfig/hyperref.cfg
File: hyperref.cfg 2002/06/06 v1.2 hyperref configuration of TeXLive
)
Package hyperref Info: Hyper figures OFF on input line 4443.
Package hyperref Info: Link nesting OFF on input line 4448.
Package hyperref Info: Hyper index ON on input line 4451.
Package hyperref Info: Plain pages OFF on input line 4458.
Package hyperref Info: Backreferencing OFF on input line 4463.
Package hyperref Info: Implicit mode ON; LaTeX internals redefined.
Package hyperref Info: Bookmarks ON on input line 4688.
\c@Hy@tempcnt=\count91

(/usr/share/texlive/texmf-dist/tex/latex/url/url.sty
\Urlmuskip=\muskip10
Package: url 2013/09/16  ver 3.4  Verb mode for urls, etc.
)
LaTeX Info: Redefining \url on input line 5041.
\XeTeXLinkMargin=\dimen110
\Fld@menulength=\count92
\Field@Width=\dimen111
\Fld@charsize=\dimen112
Package hyperref Info: Hyper figures OFF on input line 6295.
Package hyperref Info: Link nesting OFF on input line 6300.
Package hyperref Info: Hyper index ON on input line 6303.
Package hyperref Info: backreferencing OFF on input line 6310.
Package hyperref Info: Link coloring OFF on input line 6315.
Package hyperref Info: Link coloring with OCG OFF on input line 6320.
Package hyperref Info: PDF/A mode OFF on input line 6325.
LaTeX Info: Redefining \ref on input line 6365.
LaTeX Info: Redefining \pageref on input line 6369.
\Hy@abspage=\count93
\c@Item=\count94
\c@Hfootnote=\count95
)

Package hyperref Message: Driver (autodetected): hpdftex.

(/usr/share/texlive/texmf-dist/tex/latex/hyperref/hpdftex.def
File: hpdftex.def 2012/11/06 v6.83m Hyperref driver for pdfTeX
\Fld@listcount=\count96
\c@bookmark@seq@number=\count97

(/usr/share/texlive/texmf-dist/tex/latex/oberdiek/rerunfilecheck.sty
Package: rerunfilecheck 2011/04/15 v1.7 Rerun checks for auxiliary files (HO)
Package uniquecounter Info: New unique counter `rerunfilecheck' on input line 2
82.
)
\Hy@SectionHShift=\skip44
)
(/usr/share/texlive/texmf-dist/tex/latex/booktabs/booktabs.sty
Package: booktabs 2005/04/14 v1.61803 publication quality tables
\heavyrulewidth=\dimen113
\lightrulewidth=\dimen114
\cmidrulewidth=\dimen115
\belowrulesep=\dimen116
\belowbottomsep=\dimen117
\aboverulesep=\dimen118
\abovetopsep=\dimen119
\cmidrulesep=\dimen120
\cmidrulekern=\dimen121
\defaultaddspace=\dimen122
\@cmidla=\count98
\@cmidlb=\count99
\@aboverulesep=\dimen123
\@belowrulesep=\dimen124
\@thisruleclass=\count100
\@lastruleclass=\count101
\@thisrulewidth=\dimen125
)
(/usr/share/texlive/texmf-dist/tex/latex/tools/longtable.sty
Package: longtable 2014/10/28 v4.11 Multi-page Table package (DPC)
\LTleft=\skip45
\LTright=\skip46
\LTpre=\skip47
\LTpost=\skip48
\LTchunksize=\count102
\LTcapwidth=\dimen126
\LT@head=\box26
\LT@firsthead=\box27
\LT@foot=\box28
\LT@lastfoot=\box29
\LT@cols=\count103
\LT@rows=\count104
\c@LT@tables=\count105
\c@LT@chunks=\count106
\LT@p@ftn=\toks17
)
(/usr/share/texlive/texmf-dist/tex/latex/tools/array.sty
Package: array 2014/10/28 v2.4c Tabular extension package (FMi)
\col@sep=\dimen127
\extrarowheight=\dimen128
\NC@list=\toks18
\extratabsurround=\skip49
\backup@length=\skip50
)
(/usr/share/texlive/texmf-dist/tex/latex/multirow/multirow.sty
\bigstrutjot=\dimen129
)
(/usr/share/texlive/texmf-dist/tex/latex/xcolor/xcolor.sty
Package: xcolor 2007/01/21 v2.11 LaTeX color extensions (UK)

(/usr/share/texlive/texmf-dist/tex/latex/latexconfig/color.cfg
File: color.cfg 2007/01/18 v1.5 color configuration of teTeX/TeXLive
)
Package xcolor Info: Driver file: pdftex.def on input line 225.

(/usr/share/texlive/texmf-dist/tex/latex/colortbl/colortbl.sty
Package: colortbl 2012/02/13 v1.0a Color table columns (DPC)
\everycr=\toks19
\minrowclearance=\skip51
)
LaTeX Info: Redefining \color on input line 702.
\rownum=\count107
Package xcolor Info: Model `cmy' substituted by `cmy0' on input line 1337.
Package xcolor Info: Model `hsb' substituted by `rgb' on input line 1341.
Package xcolor Info: Model `RGB' extended on input line 1353.
Package xcolor Info: Model `HTML' substituted by `rgb' on input line 1355.
Package xcolor Info: Model `Hsb' substituted by `hsb' on input line 1356.
Package xcolor Info: Model `tHsb' substituted by `hsb' on input line 1357.
Package xcolor Info: Model `HSB' substituted by `hsb' on input line 1358.
Package xcolor Info: Model `Gray' substituted by `gray' on input line 1359.
Package xcolor Info: Model `wave' substituted by `hsb' on input line 1360.
)
(/usr/share/texlive/texmf-dist/tex/latex/wrapfig/wrapfig.sty
\wrapoverhang=\dimen130
\WF@size=\dimen131
\c@WF@wrappedlines=\count108
\WF@box=\box30
\WF@everypar=\toks20
Package: wrapfig 2003/01/31  v 3.6
)
(/usr/share/texlive/texmf-dist/tex/latex/float/float.sty
Package: float 2001/11/08 v1.3d Float enhancements (AL)
\c@float@type=\count109
\float@exts=\toks21
\float@box=\box31
\@float@everytoks=\toks22
\@floatcapt=\box32
)
(/usr/share/texlive/texmf-dist/tex/latex/oberdiek/pdflscape.sty
Package: pdflscape 2008/08/11 v0.10 Display of landscape pages in PDF (HO)

(/usr/share/texlive/texmf-dist/tex/latex/graphics/lscape.sty
Package: lscape 2000/10/22 v3.01 Landscape Pages (DPC)
)
Package pdflscape Info: Auto-detected driver: pdftex on input line 80.
)
(/usr/share/texlive/texmf-dist/tex/latex/tabu/tabu.sty
Package: tabu 2011/02/26 v2.8 - flexible LaTeX tabulars (FC)

(/usr/share/texlive/texmf-dist/tex/latex/varwidth/varwidth.sty
Package: varwidth 2009/03/30 ver 0.92;  Variable-width minipages
\@vwid@box=\box33
\sift@deathcycles=\count110
\@vwid@loff=\dimen132
\@vwid@roff=\dimen133
)
\c@taburow=\count111
\tabu@nbcols=\count112
\tabu@cnt=\count113
\tabu@Xcol=\count114
\tabu@alloc=\count115
\tabu@nested=\count116
\tabu@target=\dimen134
\tabu@spreadtarget=\dimen135
\tabu@naturalX=\dimen136
\tabucolX=\dimen137
\tabu@Xsum=\dimen138
\extrarowdepth=\dimen139
\abovetabulinesep=\dimen140
\belowtabulinesep=\dimen141
\tabustrutrule=\dimen142
\tabu@thebody=\toks23
\tabu@footnotes=\toks24
\tabu@box=\box34
\tabu@arstrutbox=\box35
\tabu@hleads=\box36
\tabu@vleads=\box37
\tabu@cellskip=\skip52
)
(/usr/share/texlive/texmf-dist/tex/latex/threeparttable/threeparttable.sty
Package: threeparttable 2003/06/13  v 3.0
\@tempboxb=\box38
)
(/usr/share/texlive/texmf-dist/tex/latex/threeparttablex/threeparttablex.sty
Package: threeparttablex 2013/07/23 v0.3 by daleif

(/usr/share/texlive/texmf-dist/tex/latex/environ/environ.sty
Package: environ 2014/05/04 v0.3 A new way to define environments

(/usr/share/texlive/texmf-dist/tex/latex/trimspaces/trimspaces.sty
Package: trimspaces 2009/09/17 v1.1 Trim spaces around a token list
)
\@envbody=\toks25
)
\TPTL@width=\skip53
)
(/usr/share/texlive/texmf-dist/tex/generic/ulem/ulem.sty
\UL@box=\box39
\UL@hyphenbox=\box40
\UL@skip=\skip54
\UL@hook=\toks26
\UL@height=\dimen143
\UL@pe=\count117
\UL@pixel=\dimen144
\ULC@box=\box41
Package: ulem 2012/05/18
\ULdepth=\dimen145
)
(/usr/share/texlive/texmf-dist/tex/latex/makecell/makecell.sty
Package: makecell 2009/08/03 V0.1e Managing of Tab Column Heads and Cells
\rotheadsize=\dimen146
\c@nlinenum=\count118
\TeXr@lab=\toks27
)
Package hyperref Info: Option `linktocpage' set `true' on input line 77.
Package hyperref Info: Option `colorlinks' set `true' on input line 77.

(/usr/share/texlive/texmf-dist/tex/latex/upquote/upquote.sty
Package: upquote 2012/04/19 v1.3 upright-quote and grave-accent glyphs in verba
tim
)
(./arrays_Eli_imputed_plots2.aux)
\openout1 = `arrays_Eli_imputed_plots2.aux'.

LaTeX Font Info:    Checking defaults for OML/cmm/m/it on input line 79.
LaTeX Font Info:    ... okay on input line 79.
LaTeX Font Info:    Checking defaults for T1/cmr/m/n on input line 79.
LaTeX Font Info:    ... okay on input line 79.
LaTeX Font Info:    Checking defaults for OT1/cmr/m/n on input line 79.
LaTeX Font Info:    ... okay on input line 79.
LaTeX Font Info:    Checking defaults for OMS/cmsy/m/n on input line 79.
LaTeX Font Info:    ... okay on input line 79.
LaTeX Font Info:    Checking defaults for OMX/cmex/m/n on input line 79.
LaTeX Font Info:    ... okay on input line 79.
LaTeX Font Info:    Checking defaults for U/cmr/m/n on input line 79.
LaTeX Font Info:    ... okay on input line 79.
LaTeX Font Info:    Checking defaults for PD1/pdf/m/n on input line 79.
LaTeX Font Info:    ... okay on input line 79.

(/usr/share/texlive/texmf-dist/tex/context/base/supp-pdf.mkii
[Loading MPS to PDF converter (version 2006.09.02).]
\scratchcounter=\count119
\scratchdimen=\dimen147
\scratchbox=\box42
\nofMPsegments=\count120
\nofMParguments=\count121
\everyMPshowfont=\toks28
\MPscratchCnt=\count122
\MPscratchDim=\dimen148
\MPnumerator=\count123
\makeMPintoPDFobject=\count124
\everyMPtoPDFconversion=\toks29
) (/usr/share/texlive/texmf-dist/tex/latex/oberdiek/epstopdf-base.sty
Package: epstopdf-base 2010/02/09 v2.5 Base part for package epstopdf

(/usr/share/texlive/texmf-dist/tex/latex/oberdiek/grfext.sty
Package: grfext 2010/08/19 v1.1 Manage graphics extensions (HO)
)
Package grfext Info: Graphics extension search list:
(grfext)             [.png,.pdf,.jpg,.mps,.jpeg,.jbig2,.jb2,.PNG,.PDF,.JPG,.JPE
G,.JBIG2,.JB2,.eps]
(grfext)             \AppendGraphicsExtensions on input line 452.

(/usr/share/texlive/texmf-dist/tex/latex/latexconfig/epstopdf-sys.cfg
File: epstopdf-sys.cfg 2010/07/13 v1.3 Configuration of (r)epstopdf for TeX Liv
e
))
\AtBeginShipoutBox=\box43
Package hyperref Info: Link coloring ON on input line 79.

(/usr/share/texlive/texmf-dist/tex/latex/hyperref/nameref.sty
Package: nameref 2012/10/27 v2.43 Cross-referencing by name of section

(/usr/share/texlive/texmf-dist/tex/generic/oberdiek/gettitlestring.sty
Package: gettitlestring 2010/12/03 v1.4 Cleanup title references (HO)
)
\c@section@level=\count125
)
LaTeX Info: Redefining \ref on input line 79.
LaTeX Info: Redefining \pageref on input line 79.
LaTeX Info: Redefining \nameref on input line 79.

(./arrays_Eli_imputed_plots2.out) (./arrays_Eli_imputed_plots2.out)
\@outlinefile=\write3
\openout3 = `arrays_Eli_imputed_plots2.out'.

LaTeX Font Info:    External font `cmex10' loaded for size
(Font)              <12> on input line 86.
LaTeX Font Info:    External font `cmex10' loaded for size
(Font)              <8> on input line 86.
LaTeX Font Info:    External font `cmex10' loaded for size
(Font)              <6> on input line 86.

(./arrays_Eli_imputed_plots2.toc
LaTeX Font Info:    External font `cmex10' loaded for size
(Font)              <7> on input line 2.
LaTeX Font Info:    External font `cmex10' loaded for size
(Font)              <5> on input line 2.
)
\tf@toc=\write4
\openout4 = `arrays_Eli_imputed_plots2.toc'.

 [1

{/var/lib/texmf/fonts/map/pdftex/updmap/pdftex.map}]

Package xcolor Warning: Incompatible color definition on input line 96.

[2

]

Package xcolor Warning: Incompatible color definition on input line 171.

[3

]

Package xcolor Warning: Incompatible color definition on input line 246.

[4

]

Package hyperref Warning: Token not allowed in a PDF string (PDFDocEncoding):
(hyperref)                removing `math shift' on input line 325.


Package hyperref Warning: Token not allowed in a PDF string (PDFDocEncoding):
(hyperref)                removing `math shift' on input line 325.


Package xcolor Warning: Incompatible color definition on input line 329.

<figure/minimal-venn_alltimes_3fc_up_venn-1.pdf, id=158, 505.89pt x 505.89pt>
File: figure/minimal-venn_alltimes_3fc_up_venn-1.pdf Graphic file (type pdf)

<use figure/minimal-venn_alltimes_3fc_up_venn-1.pdf>
Package pdftex.def Info: figure/minimal-venn_alltimes_3fc_up_venn-1.pdf used on
 input line 331.
(pdftex.def)             Requested size: 345.00414pt x 219.99861pt.


Package xcolor Warning: Incompatible color definition on input line 339.


<figure/minimal-venn_alltimes_3fc_up_euler-1.pdf, id=159, 505.89pt x 505.89pt>
File: figure/minimal-venn_alltimes_3fc_up_euler-1.pdf Graphic file (type pdf)

<use figure/minimal-venn_alltimes_3fc_up_euler-1.pdf>
Package pdftex.def Info: figure/minimal-venn_alltimes_3fc_up_euler-1.pdf used o
n input line 341.
(pdftex.def)             Requested size: 345.00414pt x 219.99861pt.
 [5

 <./figure/minimal-venn_alltimes_3fc_up_venn-1.pdf> <./figure/minimal-venn_allt
imes_3fc_up_euler-1.pdf>]

Package xcolor Warning: Incompatible color definition on input line 352.


<figure/minimal-venn_alltimes_3fc_down_venn-1.pdf, id=181, 505.89pt x 505.89pt>
File: figure/minimal-venn_alltimes_3fc_down_venn-1.pdf Graphic file (type pdf)
<use figure/minimal-venn_alltimes_3fc_down_venn-1.pdf>
Package pdftex.def Info: figure/minimal-venn_alltimes_3fc_down_venn-1.pdf used 
on input line 354.
(pdftex.def)             Requested size: 345.00414pt x 219.99861pt.


Package xcolor Warning: Incompatible color definition on input line 362.


<figure/minimal-venn_alltimes_3fc_down_euler-1.pdf, id=182, 505.89pt x 505.89pt
>
File: figure/minimal-venn_alltimes_3fc_down_euler-1.pdf Graphic file (type pdf)

 <use figure/minimal-venn_alltimes_3fc_down_euler-1.pdf>
Package pdftex.def Info: figure/minimal-venn_alltimes_3fc_down_euler-1.pdf used
 on input line 364.
(pdftex.def)             Requested size: 345.00414pt x 219.99861pt.
 [6

 <./figure/minimal-venn_alltimes_3fc_down_venn-1.pdf> <./figure/minimal-venn_al
ltimes_3fc_down_euler-1.pdf>]

Package hyperref Warning: Token not allowed in a PDF string (PDFDocEncoding):
(hyperref)                removing `math shift' on input line 373.


Package hyperref Warning: Token not allowed in a PDF string (PDFDocEncoding):
(hyperref)                removing `math shift' on input line 373.


Package xcolor Warning: Incompatible color definition on input line 377.

<figure/minimal-venn_t1_3fc_up_venn-1.pdf, id=202, 505.89pt x 505.89pt>
File: figure/minimal-venn_t1_3fc_up_venn-1.pdf Graphic file (type pdf)

<use figure/minimal-venn_t1_3fc_up_venn-1.pdf>
Package pdftex.def Info: figure/minimal-venn_t1_3fc_up_venn-1.pdf used on input
 line 379.
(pdftex.def)             Requested size: 345.00414pt x 219.99861pt.


Package xcolor Warning: Incompatible color definition on input line 387.

<figure/minimal-venn_t1_3fc_up_euler-1.pdf, id=203, 505.89pt x 505.89pt>
File: figure/minimal-venn_t1_3fc_up_euler-1.pdf Graphic file (type pdf)

<use figure/minimal-venn_t1_3fc_up_euler-1.pdf>
Package pdftex.def Info: figure/minimal-venn_t1_3fc_up_euler-1.pdf used on inpu
t line 389.
(pdftex.def)             Requested size: 345.00414pt x 219.99861pt.
 [7

 <./figure/minimal-venn_t1_3fc_up_venn-1.pdf> <./figure/minimal-venn_t1_3fc_up_
euler-1.pdf>]

Package xcolor Warning: Incompatible color definition on input line 400.

<figure/minimal-venn_t1_3fc_down_venn-1.pdf, id=224, 505.89pt x 505.89pt>
File: figure/minimal-venn_t1_3fc_down_venn-1.pdf Graphic file (type pdf)

<use figure/minimal-venn_t1_3fc_down_venn-1.pdf>
Package pdftex.def Info: figure/minimal-venn_t1_3fc_down_venn-1.pdf used on inp
ut line 402.
(pdftex.def)             Requested size: 345.00414pt x 219.99861pt.


Package xcolor Warning: Incompatible color definition on input line 410.

<figure/minimal-venn_t1_3fc_down_euler-1.pdf, id=225, 505.89pt x 505.89pt>
File: figure/minimal-venn_t1_3fc_down_euler-1.pdf Graphic file (type pdf)

<use figure/minimal-venn_t1_3fc_down_euler-1.pdf>
Package pdftex.def Info: figure/minimal-venn_t1_3fc_down_euler-1.pdf used on in
put line 412.
(pdftex.def)             Requested size: 345.00414pt x 219.99861pt.
 [8

 <./figure/minimal-venn_t1_3fc_down_venn-1.pdf> <./figure/minimal-venn_t1_3fc_d
own_euler-1.pdf>]

Package hyperref Warning: Token not allowed in a PDF string (PDFDocEncoding):
(hyperref)                removing `math shift' on input line 421.


Package hyperref Warning: Token not allowed in a PDF string (PDFDocEncoding):
(hyperref)                removing `math shift' on input line 421.


Package xcolor Warning: Incompatible color definition on input line 425.

<figure/minimal-venn_t2_3fc_up_venn-1.pdf, id=245, 505.89pt x 505.89pt>
File: figure/minimal-venn_t2_3fc_up_venn-1.pdf Graphic file (type pdf)

<use figure/minimal-venn_t2_3fc_up_venn-1.pdf>
Package pdftex.def Info: figure/minimal-venn_t2_3fc_up_venn-1.pdf used on input
 line 427.
(pdftex.def)             Requested size: 345.00414pt x 219.99861pt.


Package xcolor Warning: Incompatible color definition on input line 435.

<figure/minimal-venn_t2_3fc_up_euler-1.pdf, id=246, 505.89pt x 505.89pt>
File: figure/minimal-venn_t2_3fc_up_euler-1.pdf Graphic file (type pdf)

<use figure/minimal-venn_t2_3fc_up_euler-1.pdf>
Package pdftex.def Info: figure/minimal-venn_t2_3fc_up_euler-1.pdf used on inpu
t line 437.
(pdftex.def)             Requested size: 345.00414pt x 219.99861pt.
 [9

 <./figure/minimal-venn_t2_3fc_up_venn-1.pdf> <./figure/minimal-venn_t2_3fc_up_
euler-1.pdf>]

Package xcolor Warning: Incompatible color definition on input line 448.

<figure/minimal-venn_t2_3fc_down_venn-1.pdf, id=266, 505.89pt x 505.89pt>
File: figure/minimal-venn_t2_3fc_down_venn-1.pdf Graphic file (type pdf)

<use figure/minimal-venn_t2_3fc_down_venn-1.pdf>
Package pdftex.def Info: figure/minimal-venn_t2_3fc_down_venn-1.pdf used on inp
ut line 450.
(pdftex.def)             Requested size: 345.00414pt x 219.99861pt.


Package xcolor Warning: Incompatible color definition on input line 458.

<figure/minimal-venn_t2_3fc_down_euler-1.pdf, id=267, 505.89pt x 505.89pt>
File: figure/minimal-venn_t2_3fc_down_euler-1.pdf Graphic file (type pdf)

<use figure/minimal-venn_t2_3fc_down_euler-1.pdf>
Package pdftex.def Info: figure/minimal-venn_t2_3fc_down_euler-1.pdf used on in
put line 460.
(pdftex.def)             Requested size: 345.00414pt x 219.99861pt.
 [10

 <./figure/minimal-venn_t2_3fc_down_venn-1.pdf> <./figure/minimal-venn_t2_3fc_d
own_euler-1.pdf>]

Package hyperref Warning: Token not allowed in a PDF string (PDFDocEncoding):
(hyperref)                removing `math shift' on input line 469.


Package hyperref Warning: Token not allowed in a PDF string (PDFDocEncoding):
(hyperref)                removing `math shift' on input line 469.


Package xcolor Warning: Incompatible color definition on input line 473.

<figure/minimal-venn_t3_3fc_up_venn-1.pdf, id=288, 505.89pt x 505.89pt>
File: figure/minimal-venn_t3_3fc_up_venn-1.pdf Graphic file (type pdf)

<use figure/minimal-venn_t3_3fc_up_venn-1.pdf>
Package pdftex.def Info: figure/minimal-venn_t3_3fc_up_venn-1.pdf used on input
 line 475.
(pdftex.def)             Requested size: 345.00414pt x 219.99861pt.


Package xcolor Warning: Incompatible color definition on input line 483.

<figure/minimal-venn_t3_3fc_up_euler-1.pdf, id=289, 505.89pt x 505.89pt>
File: figure/minimal-venn_t3_3fc_up_euler-1.pdf Graphic file (type pdf)

<use figure/minimal-venn_t3_3fc_up_euler-1.pdf>
Package pdftex.def Info: figure/minimal-venn_t3_3fc_up_euler-1.pdf used on inpu
t line 485.
(pdftex.def)             Requested size: 345.00414pt x 219.99861pt.
 [11

 <./figure/minimal-venn_t3_3fc_up_venn-1.pdf> <./figure/minimal-venn_t3_3fc_up_
euler-1.pdf>]

Package xcolor Warning: Incompatible color definition on input line 496.

<figure/minimal-venn_t3_3fc_down_venn-1.pdf, id=309, 505.89pt x 505.89pt>
File: figure/minimal-venn_t3_3fc_down_venn-1.pdf Graphic file (type pdf)

<use figure/minimal-venn_t3_3fc_down_venn-1.pdf>
Package pdftex.def Info: figure/minimal-venn_t3_3fc_down_venn-1.pdf used on inp
ut line 498.
(pdftex.def)             Requested size: 345.00414pt x 219.99861pt.


Package xcolor Warning: Incompatible color definition on input line 506.

<figure/minimal-venn_t3_3fc_down_euler-1.pdf, id=310, 505.89pt x 505.89pt>
File: figure/minimal-venn_t3_3fc_down_euler-1.pdf Graphic file (type pdf)

<use figure/minimal-venn_t3_3fc_down_euler-1.pdf>
Package pdftex.def Info: figure/minimal-venn_t3_3fc_down_euler-1.pdf used on in
put line 508.
(pdftex.def)             Requested size: 345.00414pt x 219.99861pt.
 [12

 <./figure/minimal-venn_t3_3fc_down_venn-1.pdf> <./figure/minimal-venn_t3_3fc_d
own_euler-1.pdf>]

Package xcolor Warning: Incompatible color definition on input line 525.

<figure/minimal-custom_plots-1.pdf, id=330, 505.89pt x 505.89pt>
File: figure/minimal-custom_plots-1.pdf Graphic file (type pdf)

<use figure/minimal-custom_plots-1.pdf>
Package pdftex.def Info: figure/minimal-custom_plots-1.pdf used on input line 5
27.
(pdftex.def)             Requested size: 345.0pt x 345.00414pt.
 [13

 <./figure/minimal-custom_plots-1.pdf>]

Package xcolor Warning: Incompatible color definition on input line 544.

<figure/minimal-heatmaps-1.pdf, id=341, 505.89pt x 505.89pt>
File: figure/minimal-heatmaps-1.pdf Graphic file (type pdf)

<use figure/minimal-heatmaps-1.pdf>
Package pdftex.def Info: figure/minimal-heatmaps-1.pdf used on input line 546.
(pdftex.def)             Requested size: 345.0pt x 345.00414pt.
 [14

 <./figure/minimal-heatmaps-1.pdf>]

Package xcolor Warning: Incompatible color definition on input line 556.

<figure/minimal-heatmap_all_facet-1.pdf, id=354, 505.89pt x 505.89pt>
File: figure/minimal-heatmap_all_facet-1.pdf Graphic file (type pdf)

<use figure/minimal-heatmap_all_facet-1.pdf>
Package pdftex.def Info: figure/minimal-heatmap_all_facet-1.pdf used on input l
ine 558.
(pdftex.def)             Requested size: 345.0pt x 345.00414pt.
 [15

 <./figure/minimal-heatmap_all_facet-1.pdf>]

Package xcolor Warning: Incompatible color definition on input line 568.

<figure/minimal-heatmap_all_10E_clustered-1.pdf, id=365, 505.89pt x 505.89pt>
File: figure/minimal-heatmap_all_10E_clustered-1.pdf Graphic file (type pdf)

<use figure/minimal-heatmap_all_10E_clustered-1.pdf>
Package pdftex.def Info: figure/minimal-heatmap_all_10E_clustered-1.pdf used on
 input line 570.
(pdftex.def)             Requested size: 345.0pt x 345.00414pt.
 [16

 <./figure/minimal-heatmap_all_10E_clustered-1.pdf>]

Package hyperref Warning: Token not allowed in a PDF string (PDFDocEncoding):
(hyperref)                removing `math shift' on input line 578.


Package hyperref Warning: Token not allowed in a PDF string (PDFDocEncoding):
(hyperref)                removing `math shift' on input line 578.


Package xcolor Warning: Incompatible color definition on input line 580.

<figure/minimal-heatmap_all_clustered-1.pdf, id=376, 505.89pt x 505.89pt>
File: figure/minimal-heatmap_all_clustered-1.pdf Graphic file (type pdf)

<use figure/minimal-heatmap_all_clustered-1.pdf>
Package pdftex.def Info: figure/minimal-heatmap_all_clustered-1.pdf used on inp
ut line 582.
(pdftex.def)             Requested size: 345.0pt x 345.00414pt.
 [17

 <./figure/minimal-heatmap_all_clustered-1.pdf>]

Package xcolor Warning: Incompatible color definition on input line 599.

LaTeX Font Info:    Font shape `OT1/cmtt/bx/n' in size <10> not available
(Font)              Font shape `OT1/cmtt/m/n' tried instead on input line 602.

Package xcolor Warning: Incompatible color definition on input line 602.


Package xcolor Warning: Incompatible color definition on input line 604.


Package xcolor Warning: Incompatible color definition on input line 606.


Package xcolor Warning: Incompatible color definition on input line 608.


Package xcolor Warning: Incompatible color definition on input line 610.


Package xcolor Warning: Incompatible color definition on input line 612.


Package xcolor Warning: Incompatible color definition on input line 614.


Package xcolor Warning: Incompatible color definition on input line 616.

<figure/minimal-pcas-1.pdf, id=387, 505.89pt x 505.89pt>
File: figure/minimal-pcas-1.pdf Graphic file (type pdf)

<use figure/minimal-pcas-1.pdf>
Package pdftex.def Info: figure/minimal-pcas-1.pdf used on input line 618.
(pdftex.def)             Requested size: 345.0pt x 345.00414pt.
 [18

 <./figure/minimal-pcas-1.pdf>]

Package xcolor Warning: Incompatible color definition on input line 635.


Package xcolor Warning: Incompatible color definition on input line 638.


Package xcolor Warning: Incompatible color definition on input line 640.


Package xcolor Warning: Incompatible color definition on input line 642.


Package xcolor Warning: Incompatible color definition on input line 644.


Package xcolor Warning: Incompatible color definition on input line 646.


Package xcolor Warning: Incompatible color definition on input line 648.


Package xcolor Warning: Incompatible color definition on input line 650.


Package xcolor Warning: Incompatible color definition on input line 652.


Package xcolor Warning: Incompatible color definition on input line 654.


Package xcolor Warning: Incompatible color definition on input line 656.


Package xcolor Warning: Incompatible color definition on input line 658.


Package xcolor Warning: Incompatible color definition on input line 660.


Package xcolor Warning: Incompatible color definition on input line 662.


Package xcolor Warning: Incompatible color definition on input line 664.


Package xcolor Warning: Incompatible color definition on input line 666.


Package xcolor Warning: Incompatible color definition on input line 668.


Package xcolor Warning: Incompatible color definition on input line 670.


Package xcolor Warning: Incompatible color definition on input line 672.

<figure/minimal-clust_exp-1.pdf, id=397, 505.89pt x 505.89pt>
File: figure/minimal-clust_exp-1.pdf Graphic file (type pdf)

<use figure/minimal-clust_exp-1.pdf>
Package pdftex.def Info: figure/minimal-clust_exp-1.pdf used on input line 674.

(pdftex.def)             Requested size: 345.0pt x 345.00414pt.

<figure/minimal-clust_exp-2.pdf, id=398, 505.89pt x 505.89pt>
File: figure/minimal-clust_exp-2.pdf Graphic file (type pdf)

<use figure/minimal-clust_exp-2.pdf>
Package pdftex.def Info: figure/minimal-clust_exp-2.pdf used on input line 675.

(pdftex.def)             Requested size: 345.0pt x 345.00414pt.

<figure/minimal-clust_exp-3.pdf, id=399, 505.89pt x 505.89pt>
File: figure/minimal-clust_exp-3.pdf Graphic file (type pdf)

<use figure/minimal-clust_exp-3.pdf>
Package pdftex.def Info: figure/minimal-clust_exp-3.pdf used on input line 676.

(pdftex.def)             Requested size: 345.0pt x 345.00414pt.

<figure/minimal-clust_exp-4.pdf, id=400, 505.89pt x 505.89pt>
File: figure/minimal-clust_exp-4.pdf Graphic file (type pdf)

<use figure/minimal-clust_exp-4.pdf>
Package pdftex.def Info: figure/minimal-clust_exp-4.pdf used on input line 677.

(pdftex.def)             Requested size: 345.0pt x 345.00414pt.

<figure/minimal-clust_exp-5.pdf, id=401, 505.89pt x 505.89pt>
File: figure/minimal-clust_exp-5.pdf Graphic file (type pdf)

<use figure/minimal-clust_exp-5.pdf>
Package pdftex.def Info: figure/minimal-clust_exp-5.pdf used on input line 678.

(pdftex.def)             Requested size: 345.0pt x 345.00414pt.

<figure/minimal-clust_exp-6.pdf, id=402, 505.89pt x 505.89pt>
File: figure/minimal-clust_exp-6.pdf Graphic file (type pdf)

<use figure/minimal-clust_exp-6.pdf>
Package pdftex.def Info: figure/minimal-clust_exp-6.pdf used on input line 679.

(pdftex.def)             Requested size: 345.0pt x 345.00414pt.
 [19

] [20 <./figure/minimal-clust_exp-1.pdf>] [21 <./figure/minimal-clust_exp-2.pdf
>] [22 <./figure/minimal-clust_exp-3.pdf>] [23 <./figure/minimal-clust_exp-4.pd
f>] [24 <./figure/minimal-clust_exp-5.pdf>] [25 <./figure/minimal-clust_exp-6.p
df>]

Package xcolor Warning: Incompatible color definition on input line 690.


Package xcolor Warning: Incompatible color definition on input line 693.


Package xcolor Warning: Incompatible color definition on input line 695.


Package xcolor Warning: Incompatible color definition on input line 697.


Package xcolor Warning: Incompatible color definition on input line 699.


Package xcolor Warning: Incompatible color definition on input line 701.


Package xcolor Warning: Incompatible color definition on input line 703.


Package xcolor Warning: Incompatible color definition on input line 705.


Package xcolor Warning: Incompatible color definition on input line 707.


Package xcolor Warning: Incompatible color definition on input line 709.


Package xcolor Warning: Incompatible color definition on input line 711.


Package xcolor Warning: Incompatible color definition on input line 713.


Package xcolor Warning: Incompatible color definition on input line 715.


Package xcolor Warning: Incompatible color definition on input line 717.


Package xcolor Warning: Incompatible color definition on input line 719.


Package xcolor Warning: Incompatible color definition on input line 721.


Package xcolor Warning: Incompatible color definition on input line 723.


Package xcolor Warning: Incompatible color definition on input line 725.


Package xcolor Warning: Incompatible color definition on input line 727.


Package xcolor Warning: Incompatible color definition on input line 729.


Package xcolor Warning: Incompatible color definition on input line 731.


Package xcolor Warning: Incompatible color definition on input line 733.


Package xcolor Warning: Incompatible color definition on input line 735.


Package xcolor Warning: Incompatible color definition on input line 737.


Package xcolor Warning: Incompatible color definition on input line 739.


Package xcolor Warning: Incompatible color definition on input line 741.


Package xcolor Warning: Incompatible color definition on input line 743.


Package xcolor Warning: Incompatible color definition on input line 745.


Package xcolor Warning: Incompatible color definition on input line 747.


Package xcolor Warning: Incompatible color definition on input line 749.


Package xcolor Warning: Incompatible color definition on input line 751.


Package xcolor Warning: Incompatible color definition on input line 753.


Package xcolor Warning: Incompatible color definition on input line 755.


Package xcolor Warning: Incompatible color definition on input line 757.


Overfull \hbox (358.49387pt too wide) in paragraph at lines 757--758
[]\OT1/cmtt/m/it/10 ## -- Attaching packages ----------------------------------
---------------------------------------------------------------------------
 []


Package xcolor Warning: Incompatible color definition on input line 759.


Package xcolor Warning: Incompatible color definition on input line 761.


Overfull \hbox (326.99414pt too wide) in paragraph at lines 761--761
[]\OT1/cmtt/m/it/10 ## -- Conflicts -------------------------------------------
---------------------------------------------------------------------
 []


Overfull \hbox (32.9967pt too wide) in paragraph at lines 761--761
\OT1/cmtt/m/it/10 ## x gridExtra::combine()    masks dplyr::combine(), Biobase:
:combine(),
 []


Overfull \hbox (27.74675pt too wide) in paragraph at lines 761--761
\OT1/cmtt/m/it/10 ## x Matrix::expand()        masks S4Vectors::expand(), tidyr
::expand() 
 []


Overfull \hbox (53.99652pt too wide) in paragraph at lines 761--761
\OT1/cmtt/m/it/10 ## x ggplot2::Position()    masks BiocGenerics::Position(), b
ase::Position() 
 []


Overfull \hbox (64.49643pt too wide) in paragraph at lines 817--817
[]\OT1/cmtt/m/n/10 ##  [1] "org.Pf.plasmo"           "org.Pf.plasmoALIAS2ORF"  
"org.Pf.plasmo.db"[] 
 []


Overfull \hbox (85.49625pt too wide) in paragraph at lines 817--817
[]\OT1/cmtt/m/n/10 ##  [4] "org.Pf.plasmo_dbconn"    "org.Pf.plasmo_dbfile"    
"org.Pf.plasmo_dbInfo"[] 
 []


Overfull \hbox (101.24611pt too wide) in paragraph at lines 817--817
[]\OT1/cmtt/m/n/10 ##  [7] "org.Pf.plasmo_dbschema"  "org.Pf.plasmoENZYME"     
"org.Pf.plasmoENZYME2ORF"[] 
 []


Overfull \hbox (101.24611pt too wide) in paragraph at lines 817--817
[]\OT1/cmtt/m/n/10 ## [10] "org.Pf.plasmoGENENAME"   "org.Pf.plasmoGO"         
"org.Pf.plasmoGO2ALLORFS"[] 
 []


Overfull \hbox (90.7462pt too wide) in paragraph at lines 817--817
[]\OT1/cmtt/m/n/10 ## [13] "org.Pf.plasmoGO2ORF"     "org.Pf.plasmoMAPCOUNTS"  
"org.Pf.plasmoORGANISM"[] 
 []


Overfull \hbox (80.24629pt too wide) in paragraph at lines 817--817
[]\OT1/cmtt/m/n/10 ## [16] "org.Pf.plasmoPATH"       "org.Pf.plasmoPATH2ORF"   
"org.Pf.plasmoSYMBOL"[] 
 []


Overfull \hbox (132.74583pt too wide) in paragraph at lines 817--817
[]\OT1/cmtt/m/n/10 ##                  name                                    
                          value[] 
 []


Overfull \hbox (132.74583pt too wide) in paragraph at lines 817--817
[]\OT1/cmtt/m/n/10 ## 1     DBSCHEMAVERSION                                    
                            2.1[] 
 []


Overfull \hbox (132.74583pt too wide) in paragraph at lines 817--817
[]\OT1/cmtt/m/n/10 ## 2             Db type                                    
                          OrgDb[] 
 []


Overfull \hbox (132.74583pt too wide) in paragraph at lines 817--817
[]\OT1/cmtt/m/n/10 ## 3  Supporting package                                    
                  AnnotationDbi[] 
 []


Overfull \hbox (132.74583pt too wide) in paragraph at lines 817--817
[]\OT1/cmtt/m/n/10 ## 4            DBSCHEMA                                    
                     MALARIA_DB[] 
 []


Overfull \hbox (132.74583pt too wide) in paragraph at lines 817--817
[]\OT1/cmtt/m/n/10 ## 5            ORGANISM                                    
          Plasmodium falciparum[] 
 []


Overfull \hbox (132.74583pt too wide) in paragraph at lines 817--817
[]\OT1/cmtt/m/n/10 ## 6             SPECIES                                    
                        Malaria[] 
 []


Overfull \hbox (132.74583pt too wide) in paragraph at lines 817--817
[]\OT1/cmtt/m/n/10 ## 7    PLASMOSOURCEDATE                                    
                    23-Mar-2016[] 
 []


Overfull \hbox (132.74583pt too wide) in paragraph at lines 817--817
[]\OT1/cmtt/m/n/10 ## 8    PLASMOSOURCENAME                                    
                      Plasmo DB[] 
 []


Overfull \hbox (132.74583pt too wide) in paragraph at lines 817--817
[]\OT1/cmtt/m/n/10 ## 9     PLASMOSOURCEURL http://plasmodb.org/common/download
s/release-28/Pfalciparum3D7/txt[] 
 []


Overfull \hbox (132.74583pt too wide) in paragraph at lines 817--817
[]\OT1/cmtt/m/n/10 ## 10          CENTRALID                                    
                            ORF[] 
 []


Overfull \hbox (132.74583pt too wide) in paragraph at lines 817--817
[]\OT1/cmtt/m/n/10 ## 11              TAXID                                    
                          36329[] 
 []


Overfull \hbox (132.74583pt too wide) in paragraph at lines 817--817
[]\OT1/cmtt/m/n/10 ## 12       GOSOURCENAME                                    
                  Gene Ontology[] 
 []


Overfull \hbox (132.74583pt too wide) in paragraph at lines 817--817
[]\OT1/cmtt/m/n/10 ## 13        GOSOURCEURL  ftp://ftp.geneontology.org/pub/go/
godatabase/archive/latest-lite/[] 
 []


Overfull \hbox (132.74583pt too wide) in paragraph at lines 817--817
[]\OT1/cmtt/m/n/10 ## 14       GOSOURCEDATE                                    
                     2018-Oct10[] 
 []


Overfull \hbox (132.74583pt too wide) in paragraph at lines 817--817
[]\OT1/cmtt/m/n/10 ## 15     GOEGSOURCEDATE                                    
                     2018-Oct11[] 
 []


Overfull \hbox (132.74583pt too wide) in paragraph at lines 817--817
[]\OT1/cmtt/m/n/10 ## 16     GOEGSOURCENAME                                    
                    Entrez Gene[] 
 []


Overfull \hbox (132.74583pt too wide) in paragraph at lines 817--817
[]\OT1/cmtt/m/n/10 ## 17      GOEGSOURCEURL                               ftp:/
/ftp.ncbi.nlm.nih.gov/gene/DATA[] 
 []


Overfull \hbox (132.74583pt too wide) in paragraph at lines 817--817
[]\OT1/cmtt/m/n/10 ## 18     KEGGSOURCENAME                                    
                    KEGG GENOME[] 
 []


Overfull \hbox (132.74583pt too wide) in paragraph at lines 817--817
[]\OT1/cmtt/m/n/10 ## 19      KEGGSOURCEURL                               ftp:/
/ftp.genome.jp/pub/kegg/genomes[] 
 []


Overfull \hbox (132.74583pt too wide) in paragraph at lines 817--817
[]\OT1/cmtt/m/n/10 ## 20     KEGGSOURCEDATE                                    
                     2011-Mar15[] 
 []


Overfull \hbox (59.24648pt too wide) in paragraph at lines 817--817
[]\OT1/cmtt/m/n/10 ## |    Lkeys: "PF3D7_0100100", "PF3D7_0100200", ... (total=
5777/mapped=4584)[] 
 []


Overfull \hbox (27.74675pt too wide) in paragraph at lines 817--817
[]\OT1/cmtt/m/n/10 ## |    Rkeys: "GO:0000027", "GO:0000042", ... (total=1858/m
apped=1858)[] 
 []


Package xcolor Warning: Incompatible color definition on input line 820.


Overfull \hbox (85.49625pt too wide) in paragraph at lines 885--885
[]\OT1/cmtt/m/n/10 ##       GOCCID      Pvalue OddsRatio   ExpCount Count Size 
                  Term[] 
 []


Overfull \hbox (85.49625pt too wide) in paragraph at lines 885--885
[]\OT1/cmtt/m/n/10 ## 1 GO:0020036 0.008831129  2.641707 4.24011299    10  190 
        Maurer^^Ms cleft[] 
 []


Overfull \hbox (85.49625pt too wide) in paragraph at lines 885--885
[]\OT1/cmtt/m/n/10 ## 2 GO:0005637 0.022316384       Inf 0.02231638     1    1 
nuclear inner membrane[] 
 []


Overfull \hbox (85.49625pt too wide) in paragraph at lines 885--885
[]\OT1/cmtt/m/n/10 ## 3 GO:0005638 0.022316384       Inf 0.02231638     1    1 
        lamin filament[] 
 []


Overfull \hbox (85.49625pt too wide) in paragraph at lines 885--885
[]\OT1/cmtt/m/n/10 ## 4 GO:0005652 0.022316384       Inf 0.02231638     1    1 
        nuclear lamina[] 
 []

[26

] [27]
Underfull \vbox (badness 10000) detected at line 886
 []


Underfull \vbox (badness 2269) detected at line 886
 []

[28] [29]
Package atveryend Info: Empty hook `BeforeClearDocument' on input line 889.
 [30]
Package atveryend Info: Empty hook `AfterLastShipout' on input line 889.
 (./arrays_Eli_imputed_plots2.aux)
Package atveryend Info: Executing hook `AtVeryEndDocument' on input line 889.
Package atveryend Info: Executing hook `AtEndAfterFileList' on input line 889.
Package rerunfilecheck Info: File `arrays_Eli_imputed_plots2.out' has not chang
ed.
(rerunfilecheck)             Checksum: F4A7D5A08274D64BC08207628639DD05;1736.
Package atveryend Info: Empty hook `AtVeryVeryEnd' on input line 889.
 ) 
Here is how much of TeX's memory you used:
 7559 strings out of 493029
 111166 string characters out of 6136233
 242062 words of memory out of 5000000
 10888 multiletter control sequences out of 15000+600000
 8337 words of font info for 31 fonts, out of 8000000 for 9000
 1141 hyphenation exceptions out of 8191
 41i,11n,35p,1214b,373s stack positions out of 5000i,500n,10000p,200000b,80000s
</usr/share/texlive/texmf-dist/fonts/type1/public/amsfonts/cm/cmbx10.pfb></us
r/share/texlive/texmf-dist/fonts/type1/public/amsfonts/cm/cmbx12.pfb></usr/shar
e/texlive/texmf-dist/fonts/type1/public/amsfonts/cm/cmitt10.pfb></usr/share/tex
live/texmf-dist/fonts/type1/public/amsfonts/cm/cmmi10.pfb></usr/share/texlive/t
exmf-dist/fonts/type1/public/amsfonts/cm/cmmi12.pfb></usr/share/texlive/texmf-d
ist/fonts/type1/public/amsfonts/cm/cmr10.pfb></usr/share/texlive/texmf-dist/fon
ts/type1/public/amsfonts/cm/cmr12.pfb></usr/share/texlive/texmf-dist/fonts/type
1/public/amsfonts/cm/cmr17.pfb></usr/share/texlive/texmf-dist/fonts/type1/publi
c/amsfonts/cm/cmtt10.pfb>
Output written on arrays_Eli_imputed_plots2.pdf (30 pages, 741058 bytes).
PDF statistics:
 554 PDF objects out of 1000 (max. 8388607)
 446 compressed objects within 5 object streams
 58 named destinations out of 1000 (max. 500000)
 349 words of extra memory for PDF output out of 10000 (max. 10000000)

